{"numTotalTestSuites":14,"numPassedTestSuites":14,"numFailedTestSuites":0,"numPendingTestSuites":0,"numTotalTests":47,"numPassedTests":47,"numFailedTests":0,"numPendingTests":0,"numTodoTests":0,"snapshot":{"added":0,"failure":false,"filesAdded":0,"filesRemoved":0,"filesRemovedList":[],"filesUnmatched":0,"filesUpdated":0,"matched":0,"total":0,"unchecked":0,"uncheckedKeysByFile":[],"unmatched":0,"updated":0,"didUpdate":false},"startTime":1789209560694,"success":true,"testResults":[{"assertionResults":[{"ancestorTitles":["CONFIG — 配置项"],"fullName":"CONFIG — 配置项 PERFORMANCE_MONITOR 仅在非生产环境开启","status":"passed","title":"PERFORMANCE_MONITOR 仅在非生产环境开启","duration":1.7591999999999643,"failureMessages":[],"meta":{},"tags":[]},{"ancestorTitles":["CONFIG — 配置项"],"fullName":"CONFIG — 配置项 DEBOUNCE_RESIZE_DELAY 为 250","status":"passed","title":"DEBOUNCE_RESIZE_DELAY 为 250","duration":0.22010000000000218,"failureMessages":[],"meta":{},"tags":[]},{"ancestorTitles":["CONFIG — 配置项"],"fullName":"CONFIG — 配置项 TOAST_DURATION 有效（供 UI-030 配合）","status":"passed","title":"TOAST_DURATION 有效（供 UI-030 配合）","duration":0.42029999999999745,"failureMessages":[],"meta":{},"tags":[]},{"ancestorTitles":["CONFIG — 配置项"],"fullName":"CONFIG — 配置项 专辑轮播配置完整","status":"passed","title":"专辑轮播配置完整","duration":0.3588999999999487,"failureMessages":[],"meta":{},"tags":[]}],"startTime":1789209561661,"endTime":1789209561664.359,"status":"passed","message":"","name":"F:/static/ilive_neo/test/unit/config.test.ts"},{"assertionResults":[{"ancestorTitles":["formatWishDate — 固定的绝对日期（水合安全）"],"fullName":"formatWishDate — 固定的绝对日期（水合安全） 输出 YYYY.MM.DD","status":"passed","title":"输出 YYYY.MM.DD","duration":6.237300000000005,"failureMessages":[],"meta":{},"tags":[]},{"ancestorTitles":["formatWishDate — 固定的绝对日期（水合安全）"],"fullName":"formatWishDate — 固定的绝对日期（水合安全） 个位数月/日补零","status":"passed","title":"个位数月/日补零","duration":1.7486000000000104,"failureMessages":[],"meta":{},"tags":[]},{"ancestorTitles":["formatWishDate — 固定的绝对日期（水合安全）"],"fullName":"formatWishDate — 固定的绝对日期（水合安全） 无法解析时返回空串","status":"passed","title":"无法解析时返回空串","duration":2.279700000000048,"failureMessages":[],"meta":{},"tags":[]},{"ancestorTitles":["formatWishDate — 固定的绝对日期（水合安全）"],"fullName":"formatWishDate — 固定的绝对日期（水合安全） 不含空格/UTC 偏移，SSR 与客户端输出一致","status":"passed","title":"不含空格/UTC 偏移，SSR 与客户端输出一致","duration":2.723899999999958,"failureMessages":[],"meta":{},"tags":[]}],"startTime":1789209561569,"endTime":1789209561582.7239,"status":"passed","message":"","name":"F:/static/ilive_neo/test/unit/formatWishDate.test.ts"},{"assertionResults":[{"ancestorTitles":["formatWishTime — 许愿时间格式化"],"fullName":"formatWishTime — 许愿时间格式化 一分钟内显示\"刚刚\"","status":"passed","title":"一分钟内显示\"刚刚\"","duration":11.47829999999999,"failureMessages":[],"meta":{},"tags":[]},{"ancestorTitles":["formatWishTime — 许愿时间格式化"],"fullName":"formatWishTime — 许愿时间格式化 一小时内显示\"N 分钟前\"","status":"passed","title":"一小时内显示\"N 分钟前\"","duration":1.7565000000000737,"failureMessages":[],"meta":{},"tags":[]},{"ancestorTitles":["formatWishTime — 许愿时间格式化"],"fullName":"formatWishTime — 许愿时间格式化 一天内显示\"N 小时前\"","status":"passed","title":"一天内显示\"N 小时前\"","duration":0.6295999999999822,"failureMessages":[],"meta":{},"tags":[]},{"ancestorTitles":["formatWishTime — 许愿时间格式化"],"fullName":"formatWishTime — 许愿时间格式化 一周内显示\"N 天前\"","status":"passed","title":"一周内显示\"N 天前\"","duration":0.6878000000000384,"failureMessages":[],"meta":{},"tags":[]},{"ancestorTitles":["formatWishTime — 许愿时间格式化"],"fullName":"formatWishTime — 许愿时间格式化 超过一周返回本地日期字符串","status":"passed","title":"超过一周返回本地日期字符串","duration":44.07179999999994,"failureMessages":[],"meta":{},"tags":[]}],"startTime":1789209561569,"endTime":1789209561628.0718,"status":"passed","message":"","name":"F:/static/ilive_neo/test/unit/formatWishTime.test.ts"},{"assertionResults":[{"ancestorTitles":["pickText — 双语文本取单语言"],"fullName":"pickText — 双语文本取单语言 zh 模式取 zh 字段","status":"passed","title":"zh 模式取 zh 字段","duration":4.562400000000025,"failureMessages":[],"meta":{},"tags":[]},{"ancestorTitles":["pickText — 双语文本取单语言"],"fullName":"pickText — 双语文本取单语言 en 模式取 en 字段","status":"passed","title":"en 模式取 en 字段","duration":2.0547000000000253,"failureMessages":[],"meta":{},"tags":[]},{"ancestorTitles":["pickText — 双语文本取单语言"],"fullName":"pickText — 双语文本取单语言 目标语言字段为 null/undefined 时回退到另一语言","status":"passed","title":"目标语言字段为 null/undefined 时回退到另一语言","duration":1.040200000000027,"failureMessages":[],"meta":{},"tags":[]},{"ancestorTitles":["pickText — 双语文本取单语言"],"fullName":"pickText — 双语文本取单语言 null / undefined 返回空串","status":"passed","title":"null / undefined 返回空串","duration":0.49289999999996326,"failureMessages":[],"meta":{},"tags":[]},{"ancestorTitles":["localizeConcert — 双语演唱会本地化为单语言"],"fullName":"localizeConcert — 双语演唱会本地化为单语言 zh 模式输出中文 field 集（含 location 拼接）","status":"passed","title":"zh 模式输出中文 field 集（含 location 拼接）","duration":1.3495000000000346,"failureMessages":[],"meta":{},"tags":[]},{"ancestorTitles":["localizeConcert — 双语演唱会本地化为单语言"],"fullName":"localizeConcert — 双语演唱会本地化为单语言 en 模式输出英文字段集","status":"passed","title":"en 模式输出英文字段集","duration":0.2987999999999147,"failureMessages":[],"meta":{},"tags":[]},{"ancestorTitles":["localizeConcert — 双语演唱会本地化为单语言"],"fullName":"localizeConcert — 双语演唱会本地化为单语言 seat/price/video 为空时输出 null","status":"passed","title":"seat/price/video 为空时输出 null","duration":0.6073999999999842,"failureMessages":[],"meta":{},"tags":[]},{"ancestorTitles":["localizeConcert — 双语演唱会本地化为单语言"],"fullName":"localizeConcert — 双语演唱会本地化为单语言 images 的 alt 本地化","status":"passed","title":"images 的 alt 本地化","duration":0.6942000000000235,"failureMessages":[],"meta":{},"tags":[]},{"ancestorTitles":["localizeConcert — 双语演唱会本地化为单语言"],"fullName":"localizeConcert — 双语演唱会本地化为单语言 songlist 转为 { name, link }，zh 取 s.zh、en 取 s.en","status":"passed","title":"songlist 转为 { name, link }，zh 取 s.zh、en 取 s.en","duration":0.4314999999999145,"failureMessages":[],"meta":{},"tags":[]},{"ancestorTitles":["localizeConcert — 双语演唱会本地化为单语言"],"fullName":"localizeConcert — 双语演唱会本地化为单语言 songlist 单语言缺失时回退","status":"passed","title":"songlist 单语言缺失时回退","duration":0.41840000000001965,"failureMessages":[],"meta":{},"tags":[]},{"ancestorTitles":["localizeConcert — 双语演唱会本地化为单语言"],"fullName":"localizeConcert — 双语演唱会本地化为单语言 保留 id/date/time/poster 等非双语字段","status":"passed","title":"保留 id/date/time/poster 等非双语字段","duration":0.6557999999999993,"failureMessages":[],"meta":{},"tags":[]}],"startTime":1789209561696,"endTime":1789209561709.6558,"status":"passed","message":"","name":"F:/static/ilive_neo/test/unit/localize.test.ts"},{"assertionResults":[{"ancestorTitles":["mapConcert — 演唱会行→双语对象映射"],"fullName":"mapConcert — 演唱会行→双语对象映射 location 拼接包含国家前缀（国家·省·市·场馆）","status":"passed","title":"location 拼接包含国家前缀（国家·省·市·场馆）","duration":5.435799999999972,"failureMessages":[],"meta":{},"tags":[]},{"ancestorTitles":["mapConcert — 演唱会行→双语对象映射"],"fullName":"mapConcert — 演唱会行→双语对象映射 venue 为空时自动省略（国家·省·市）","status":"passed","title":"venue 为空时自动省略（国家·省·市）","duration":1.9301000000000386,"failureMessages":[],"meta":{},"tags":[]},{"ancestorTitles":["mapConcert — 演唱会行→双语对象映射"],"fullName":"mapConcert — 演唱会行→双语对象映射 country 为空时自动省略（省·市·场馆）","status":"passed","title":"country 为空时自动省略（省·市·场馆）","duration":2.227999999999952,"failureMessages":[],"meta":{},"tags":[]},{"ancestorTitles":["mapConcert — 演唱会行→双语对象映射"],"fullName":"mapConcert — 演唱会行→双语对象映射 locationDetail 返回分段双语结构","status":"passed","title":"locationDetail 返回分段双语结构","duration":2.3494000000000597,"failureMessages":[],"meta":{},"tags":[]},{"ancestorTitles":["mapConcert — 演唱会行→双语对象映射"],"fullName":"mapConcert — 演唱会行→双语对象映射 artist/concertName 双语映射正确","status":"passed","title":"artist/concertName 双语映射正确","duration":0.7109000000000378,"failureMessages":[],"meta":{},"tags":[]},{"ancestorTitles":["mapConcert — 演唱会行→双语对象映射"],"fullName":"mapConcert — 演唱会行→双语对象映射 seat/price/video 等可空字段：值缺失时为 null","status":"passed","title":"seat/price/video 等可空字段：值缺失时为 null","duration":1.121499999999969,"failureMessages":[],"meta":{},"tags":[]},{"ancestorTitles":["mapConcert — 演唱会行→双语对象映射"],"fullName":"mapConcert — 演唱会行→双语对象映射 seat 有值时报双语对象","status":"passed","title":"seat 有值时报双语对象","duration":0.4854000000000269,"failureMessages":[],"meta":{},"tags":[]},{"ancestorTitles":["mapConcert — 演唱会行→双语对象映射"],"fullName":"mapConcert — 演唱会行→双语对象映射 tags/images/songlist 正确组装","status":"passed","title":"tags/images/songlist 正确组装","duration":0.7840999999999667,"failureMessages":[],"meta":{},"tags":[]},{"ancestorTitles":["mapConcert — 演唱会行→双语对象映射"],"fullName":"mapConcert — 演唱会行→双语对象映射 description 为可选双语对（空则空串）","status":"passed","title":"description 为可选双语对（空则空串）","duration":0.519800000000032,"failureMessages":[],"meta":{},"tags":[]},{"ancestorTitles":["computeCityConcertCounts — 城市演唱会计数"],"fullName":"computeCityConcertCounts — 城市演唱会计数 按 location 包含城市名计数（中英任一命中）","status":"passed","title":"按 location 包含城市名计数（中英任一命中）","duration":0.7763999999999669,"failureMessages":[],"meta":{},"tags":[]},{"ancestorTitles":["computeCityConcertCounts — 城市演唱会计数"],"fullName":"computeCityConcertCounts — 城市演唱会计数 中英文各命中计数（en 命中用 name_en）","status":"passed","title":"中英文各命中计数（en 命中用 name_en）","duration":0.3365000000000009,"failureMessages":[],"meta":{},"tags":[]},{"ancestorTitles":["computeCityConcertCounts — 城市演唱会计数"],"fullName":"computeCityConcertCounts — 城市演唱会计数 无城市命中时计数为空对象","status":"passed","title":"无城市命中时计数为空对象","duration":0.2861000000000331,"failureMessages":[],"meta":{},"tags":[]}],"startTime":1789209561572,"endTime":1789209561590.3364,"status":"passed","message":"","name":"F:/static/ilive_neo/test/unit/mappers.test.ts"},{"assertionResults":[{"ancestorTitles":["safeHtml — 安全 HTML 净化（纯正则，SSR 安全）"],"fullName":"safeHtml — 安全 HTML 净化（纯正则，SSR 安全） 保留白名单标签","status":"passed","title":"保留白名单标签","duration":3.408300000000054,"failureMessages":[],"meta":{},"tags":[]},{"ancestorTitles":["safeHtml — 安全 HTML 净化（纯正则，SSR 安全）"],"fullName":"safeHtml — 安全 HTML 净化（纯正则，SSR 安全） br 开启与自闭合形式统一输出","status":"passed","title":"br 开启与自闭合形式统一输出","duration":1.5684999999999718,"failureMessages":[],"meta":{},"tags":[]},{"ancestorTitles":["safeHtml — 安全 HTML 净化（纯正则，SSR 安全）"],"fullName":"safeHtml — 安全 HTML 净化（纯正则，SSR 安全） 非白名单标签剥标签保内容","status":"passed","title":"非白名单标签剥标签保内容","duration":2.4603000000000748,"failureMessages":[],"meta":{},"tags":[]},{"ancestorTitles":["safeHtml — 安全 HTML 净化（纯正则，SSR 安全）"],"fullName":"safeHtml — 安全 HTML 净化（纯正则，SSR 安全） 危险块（script 等）连同内容移除","status":"passed","title":"危险块（script 等）连同内容移除","duration":3.026899999999955,"failureMessages":[],"meta":{},"tags":[]},{"ancestorTitles":["safeHtml — 安全 HTML 净化（纯正则，SSR 安全）"],"fullName":"safeHtml — 安全 HTML 净化（纯正则，SSR 安全） span 保留合法 style","status":"passed","title":"span 保留合法 style","duration":1.1587999999999283,"failureMessages":[],"meta":{},"tags":[]},{"ancestorTitles":["safeHtml — 安全 HTML 净化（纯正则，SSR 安全）"],"fullName":"safeHtml — 安全 HTML 净化（纯正则，SSR 安全） span 事件属性被剥（保留 style）","status":"passed","title":"span 事件属性被剥（保留 style）","duration":0.7699999999999818,"failureMessages":[],"meta":{},"tags":[]},{"ancestorTitles":["safeHtml — 安全 HTML 净化（纯正则，SSR 安全）"],"fullName":"safeHtml — 安全 HTML 净化（纯正则，SSR 安全） 危险 href（javascript:）剥除","status":"passed","title":"危险 href（javascript:）剥除","duration":0.5688000000000102,"failureMessages":[],"meta":{},"tags":[]},{"ancestorTitles":["safeHtml — 安全 HTML 净化（纯正则，SSR 安全）"],"fullName":"safeHtml — 安全 HTML 净化（纯正则，SSR 安全） 自闭合危险标签（img onerror）移除","status":"passed","title":"自闭合危险标签（img onerror）移除","duration":0.8500999999999976,"failureMessages":[],"meta":{},"tags":[]},{"ancestorTitles":["safeHtml — 安全 HTML 净化（纯正则，SSR 安全）"],"fullName":"safeHtml — 安全 HTML 净化（纯正则，SSR 安全） 注释移除","status":"passed","title":"注释移除","duration":0.43020000000001346,"failureMessages":[],"meta":{},"tags":[]},{"ancestorTitles":["safeHtml — 安全 HTML 净化（纯正则，SSR 安全）"],"fullName":"safeHtml — 安全 HTML 净化（纯正则，SSR 安全） 实体保持不变","status":"passed","title":"实体保持不变","duration":0.4011000000000422,"failureMessages":[],"meta":{},"tags":[]},{"ancestorTitles":["safeHtml — 安全 HTML 净化（纯正则，SSR 安全）"],"fullName":"safeHtml — 安全 HTML 净化（纯正则，SSR 安全） 非字符串原样返回","status":"passed","title":"非字符串原样返回","duration":0.32809999999994943,"failureMessages":[],"meta":{},"tags":[]}],"startTime":1789209561572,"endTime":1789209561587.4011,"status":"passed","message":"","name":"F:/static/ilive_neo/test/unit/safeHtml.test.ts"}]}