{"numTotalTestSuites":81,"numPassedTestSuites":81,"numFailedTestSuites":0,"numPendingTestSuites":0,"numTotalTests":278,"numPassedTests":278,"numFailedTests":0,"numPendingTests":0,"numTodoTests":0,"snapshot":{"added":0,"failure":false,"filesAdded":0,"filesRemoved":0,"filesRemovedList":[],"filesUnmatched":0,"filesUpdated":0,"matched":0,"total":0,"unchecked":0,"uncheckedKeysByFile":[],"unmatched":0,"updated":0,"didUpdate":false},"startTime":1789381130858,"success":true,"testResults":[{"assertionResults":[{"ancestorTitles":["resolveClientIp — 归一化边界"],"fullName":"resolveClientIp — 归一化边界 null / undefined / 空串 / 纯空白 → unknown（点赞仍可用）","status":"passed","title":"null / undefined / 空串 / 纯空白 → unknown（点赞仍可用）","duration":3.995600000000195,"failureMessages":[],"meta":{},"tags":[]},{"ancestorTitles":["resolveClientIp — 归一化边界"],"fullName":"resolveClientIp — 归一化边界 IPv4 / IPv6 两端空白被 trim","status":"passed","title":"IPv4 / IPv6 两端空白被 trim","duration":0.9295999999999367,"failureMessages":[],"meta":{},"tags":[]},{"ancestorTitles":["resolveClientIp — 归一化边界"],"fullName":"resolveClientIp — 归一化边界 恰好 64 字符不截断，超过则截断到 64","status":"passed","title":"恰好 64 字符不截断，超过则截断到 64","duration":3.1454999999998563,"failureMessages":[],"meta":{},"tags":[]},{"ancestorTitles":["getClientIp — 仅在显式声明可信反代时采信 X-Forwarded-For"],"fullName":"getClientIp — 仅在显式声明可信反代时采信 X-Forwarded-For 默认（未设置 NUXT_TRUST_PROXY）→ getRequestIP 传 xForwardedFor=false","status":"passed","title":"默认（未设置 NUXT_TRUST_PROXY）→ getRequestIP 传 xForwardedFor=false","duration":4.8293999999998505,"failureMessages":[],"meta":{},"tags":[]},{"ancestorTitles":["getClientIp — 仅在显式声明可信反代时采信 X-Forwarded-For"],"fullName":"getClientIp — 仅在显式声明可信反代时采信 X-Forwarded-For NUXT_TRUST_PROXY=true → 传 xForwardedFor=true","status":"passed","title":"NUXT_TRUST_PROXY=true → 传 xForwardedFor=true","duration":1.0698999999999614,"failureMessages":[],"meta":{},"tags":[]},{"ancestorTitles":["getClientIp — 仅在显式声明可信反代时采信 X-Forwarded-For"],"fullName":"getClientIp — 仅在显式声明可信反代时采信 X-Forwarded-For 非 \"true\" 取值（1 / TRUE / false）均不开启信任，避免误配放行伪造 IP","status":"passed","title":"非 \"true\" 取值（1 / TRUE / false）均不开启信任，避免误配放行伪造 IP","duration":2.477200000000039,"failureMessages":[],"meta":{},"tags":[]},{"ancestorTitles":["getClientIp — 仅在显式声明可信反代时采信 X-Forwarded-For"],"fullName":"getClientIp — 仅在显式声明可信反代时采信 X-Forwarded-For 取不到 IP 时兜底 unknown，不抛错","status":"passed","title":"取不到 IP 时兜底 unknown，不抛错","duration":0.5317999999999756,"failureMessages":[],"meta":{},"tags":[]}],"startTime":1789381132399,"endTime":1789381132416.5317,"status":"passed","message":"","name":"F:/static/ilive_neo/test/unit/clientIp.test.ts"},{"assertionResults":[{"ancestorTitles":["useSharedState — 客户端模块级共享"],"fullName":"useSharedState — 客户端模块级共享 同一 key 返回同一个 ref（非 setup 上下文也能拿到同一份状态）","status":"passed","title":"同一 key 返回同一个 ref（非 setup 上下文也能拿到同一份状态）","duration":2.7181000000000495,"failureMessages":[],"meta":{},"tags":[]},{"ancestorTitles":["useSharedState — 客户端模块级共享"],"fullName":"useSharedState — 客户端模块级共享 不同 key 相互隔离","status":"passed","title":"不同 key 相互隔离","duration":0.9825999999998203,"failureMessages":[],"meta":{},"tags":[]},{"ancestorTitles":["useSharedState — 客户端模块级共享"],"fullName":"useSharedState — 客户端模块级共享 初始值工厂惰性求值：已有缓存时不再执行","status":"passed","title":"初始值工厂惰性求值：已有缓存时不再执行","duration":0.837500000000091,"failureMessages":[],"meta":{},"tags":[]},{"ancestorTitles":["useAppError — 统一错误处理"],"fullName":"useAppError — 统一错误处理 handleError 返回结构化错误信息，Error 与字符串两种入参都支持","status":"passed","title":"handleError 返回结构化错误信息，Error 与字符串两种入参都支持","duration":9.439499999999953,"failureMessages":[],"meta":{},"tags":[]},{"ancestorTitles":["useAppError — 统一错误处理"],"fullName":"useAppError — 统一错误处理 showUser=true 时 Toast 展示对应文案（未知 key 回退 generic）","status":"passed","title":"showUser=true 时 Toast 展示对应文案（未知 key 回退 generic）","duration":2.761700000000019,"failureMessages":[],"meta":{},"tags":[]},{"ancestorTitles":["useAppError — 统一错误处理"],"fullName":"useAppError — 统一错误处理 Toast 在 CONFIG.TOAST_DURATION 后自动清空","status":"passed","title":"Toast 在 CONFIG.TOAST_DURATION 后自动清空","duration":2.269800000000032,"failureMessages":[],"meta":{},"tags":[]},{"ancestorTitles":["useAppError — 统一错误处理"],"fullName":"useAppError — 统一错误处理 错误日志写入 localStorage，超过 50 条丢弃最旧","status":"passed","title":"错误日志写入 localStorage，超过 50 条丢弃最旧","duration":22.233099999999922,"failureMessages":[],"meta":{},"tags":[]},{"ancestorTitles":["useAppError — 统一错误处理"],"fullName":"useAppError — 统一错误处理 localStorage 存在脏数据时不抛错（容错并告警）","status":"passed","title":"localStorage 存在脏数据时不抛错（容错并告警）","duration":1.5734999999999673,"failureMessages":[],"meta":{},"tags":[]},{"ancestorTitles":["useAppError — 统一错误处理"],"fullName":"useAppError — 统一错误处理 注入全局 error / unhandledrejection 监听（showUser=false 静默记录）","status":"passed","title":"注入全局 error / unhandledrejection 监听（showUser=false 静默记录）","duration":1.2285000000001673,"failureMessages":[],"meta":{},"tags":[]},{"ancestorTitles":["useNavigation — 模态框与导航"],"fullName":"useNavigation — 模态框与导航 城市模态框开/关","status":"passed","title":"城市模态框开/关","duration":0.6436000000003332,"failureMessages":[],"meta":{},"tags":[]},{"ancestorTitles":["useNavigation — 模态框与导航"],"fullName":"useNavigation — 模态框与导航 视频模态框：由 bvid 构造 B 站内嵌地址并带 autoplay","status":"passed","title":"视频模态框：由 bvid 构造 B 站内嵌地址并带 autoplay","duration":0.4288000000001375,"failureMessages":[],"meta":{},"tags":[]},{"ancestorTitles":["useNavigation — 模态框与导航"],"fullName":"useNavigation — 模态框与导航 视频模态框：空 bvid 不打开；未传标题保持默认占位","status":"passed","title":"视频模态框：空 bvid 不打开；未传标题保持默认占位","duration":0.19180000000005748,"failureMessages":[],"meta":{},"tags":[]},{"ancestorTitles":["useNavigation — 模态框与导航"],"fullName":"useNavigation — 模态框与导航 backToTop 平滑滚动到顶部","status":"passed","title":"backToTop 平滑滚动到顶部","duration":1.3589999999999236,"failureMessages":[],"meta":{},"tags":[]},{"ancestorTitles":["useNavigation — 模态框与导航"],"fullName":"useNavigation — 模态框与导航 openFeedback 对中文标题/正文做 URL 编码并带 noopener","status":"passed","title":"openFeedback 对中文标题/正文做 URL 编码并带 noopener","duration":0.6988999999998668,"failureMessages":[],"meta":{},"tags":[]},{"ancestorTitles":["useNavigation — 模态框与导航"],"fullName":"useNavigation — 模态框与导航 滚动监听按 SCROLL_THRESHOLD 控制返回顶部显隐，卸载时注销","status":"passed","title":"滚动监听按 SCROLL_THRESHOLD 控制返回顶部显隐，卸载时注销","duration":1.0394000000001142,"failureMessages":[],"meta":{},"tags":[]},{"ancestorTitles":["useFriendLink — DB 优先 + 本地化 + 协议白名单"],"fullName":"useFriendLink — DB 优先 + 本地化 + 协议白名单 语言切换零请求：同一份 DB 数据按当前语言重新本地化","status":"passed","title":"语言切换零请求：同一份 DB 数据按当前语言重新本地化","duration":1.6096000000002277,"failureMessages":[],"meta":{},"tags":[]},{"ancestorTitles":["useFriendLink — DB 优先 + 本地化 + 协议白名单"],"fullName":"useFriendLink — DB 优先 + 本地化 + 协议白名单 DB 中的 javascript: 伪协议链接被过滤，不进入页面 <a href>","status":"passed","title":"DB 中的 javascript: 伪协议链接被过滤，不进入页面 <a href>","duration":0.49909999999999854,"failureMessages":[],"meta":{},"tags":[]},{"ancestorTitles":["useMusic — 背景音乐控制（元素缺失 / 播放失败 / 换源）"],"fullName":"useMusic — 背景音乐控制（元素缺失 / 播放失败 / 换源） initBgMusic 仅设置音乐源与音量并 load，不自动播放","status":"passed","title":"initBgMusic 仅设置音乐源与音量并 load，不自动播放","duration":10.87519999999995,"failureMessages":[],"meta":{},"tags":[]},{"ancestorTitles":["useMusic — 背景音乐控制（元素缺失 / 播放失败 / 换源）"],"fullName":"useMusic — 背景音乐控制（元素缺失 / 播放失败 / 换源） toggleMusic：播放 → 暂停 状态正确切换","status":"passed","title":"toggleMusic：播放 → 暂停 状态正确切换","duration":1.5767000000000735,"failureMessages":[],"meta":{},"tags":[]},{"ancestorTitles":["useMusic — 背景音乐控制（元素缺失 / 播放失败 / 换源）"],"fullName":"useMusic — 背景音乐控制（元素缺失 / 播放失败 / 换源） 播放被浏览器拒绝（autoplay policy）→ 静默失败不抛出、状态回到未播放","status":"passed","title":"播放被浏览器拒绝（autoplay policy）→ 静默失败不抛出、状态回到未播放","duration":2.611499999999978,"failureMessages":[],"meta":{},"tags":[]},{"ancestorTitles":["useMusic — 背景音乐控制（元素缺失 / 播放失败 / 换源）"],"fullName":"useMusic — 背景音乐控制（元素缺失 / 播放失败 / 换源） 音频元素缺失时 init / toggle 均安全返回（不抛错）","status":"passed","title":"音频元素缺失时 init / toggle 均安全返回（不抛错）","duration":1.8064999999996871,"failureMessages":[],"meta":{},"tags":[]},{"ancestorTitles":["useMusic — 背景音乐控制（元素缺失 / 播放失败 / 换源）"],"fullName":"useMusic — 背景音乐控制（元素缺失 / 播放失败 / 换源） 语言切换（watch）时重新加载音乐源；未初始化则不动作","status":"passed","title":"语言切换（watch）时重新加载音乐源；未初始化则不动作","duration":1.3432999999999993,"failureMessages":[],"meta":{},"tags":[]}],"startTime":1789381133807,"endTime":1789381133876.3433,"status":"passed","message":"","name":"F:/static/ilive_neo/test/unit/composables.test.ts"},{"assertionResults":[{"ancestorTitles":["resolveClientIp — IP 归一化与兜底"],"fullName":"resolveClientIp — IP 归一化与兜底 正常 IP 原样返回（去空白）","status":"passed","title":"正常 IP 原样返回（去空白）","duration":3.6957000000001017,"failureMessages":[],"meta":{},"tags":[]},{"ancestorTitles":["resolveClientIp — IP 归一化与兜底"],"fullName":"resolveClientIp — IP 归一化与兜底 缺失 / 空串 → unknown","status":"passed","title":"缺失 / 空串 → unknown","duration":0.8696999999999662,"failureMessages":[],"meta":{},"tags":[]},{"ancestorTitles":["resolveClientIp — IP 归一化与兜底"],"fullName":"resolveClientIp — IP 归一化与兜底 超长（异常头）截断到 64 字符","status":"passed","title":"超长（异常头）截断到 64 字符","duration":1.942199999999957,"failureMessages":[],"meta":{},"tags":[]},{"ancestorTitles":["toggleConcertLike — 点赞 / 取消切换"],"fullName":"toggleConcertLike — 点赞 / 取消切换 首次点赞：新增一行，liked=true，计数 1","status":"passed","title":"首次点赞：新增一行，liked=true，计数 1","duration":2.2094999999999345,"failureMessages":[],"meta":{},"tags":[]},{"ancestorTitles":["toggleConcertLike — 点赞 / 取消切换"],"fullName":"toggleConcertLike — 点赞 / 取消切换 再次点击：取消点赞，liked=false，计数回到 0","status":"passed","title":"再次点击：取消点赞，liked=false，计数回到 0","duration":0.6238000000000739,"failureMessages":[],"meta":{},"tags":[]},{"ancestorTitles":["toggleConcertLike — 点赞 / 取消切换"],"fullName":"toggleConcertLike — 点赞 / 取消切换 可反复切换：三次操作后回到已点赞","status":"passed","title":"可反复切换：三次操作后回到已点赞","duration":0.5175000000000409,"failureMessages":[],"meta":{},"tags":[]},{"ancestorTitles":["toggleConcertLike — 点赞 / 取消切换"],"fullName":"toggleConcertLike — 点赞 / 取消切换 不同 IP 各自计数，互不影响","status":"passed","title":"不同 IP 各自计数，互不影响","duration":0.6983000000000175,"failureMessages":[],"meta":{},"tags":[]},{"ancestorTitles":["toggleConcertLike — 点赞 / 取消切换"],"fullName":"toggleConcertLike — 点赞 / 取消切换 不同演唱会计数独立","status":"passed","title":"不同演唱会计数独立","duration":1.2006000000000085,"failureMessages":[],"meta":{},"tags":[]},{"ancestorTitles":["fetchLikeCounts / fetchLikedConcertIds — 聚合查询"],"fullName":"fetchLikeCounts / fetchLikedConcertIds — 聚合查询 GROUP BY 返回每场点赞数（无点赞的场次不出现，由调用方兜底 0）","status":"passed","title":"GROUP BY 返回每场点赞数（无点赞的场次不出现，由调用方兜底 0）","duration":2.175799999999981,"failureMessages":[],"meta":{},"tags":[]},{"ancestorTitles":["fetchLikeCounts / fetchLikedConcertIds — 聚合查询"],"fullName":"fetchLikeCounts / fetchLikedConcertIds — 聚合查询 按 IP 返回已点赞的演唱会 id 集合","status":"passed","title":"按 IP 返回已点赞的演唱会 id 集合","duration":1.9764999999999873,"failureMessages":[],"meta":{},"tags":[]},{"ancestorTitles":["容错 — concert_likes 表缺失（未迁移）"],"fullName":"容错 — concert_likes 表缺失（未迁移） 读接口不抛错，视为无点赞","status":"passed","title":"读接口不抛错，视为无点赞","duration":2.1545999999999594,"failureMessages":[],"meta":{},"tags":[]},{"ancestorTitles":["isConcertLiked — 单场点赞判断（EXISTS 查询）"],"fullName":"isConcertLiked — 单场点赞判断（EXISTS 查询） 该 IP 点赞过则返回 true，否则 false","status":"passed","title":"该 IP 点赞过则返回 true，否则 false","duration":0.6241999999999734,"failureMessages":[],"meta":{},"tags":[]},{"ancestorTitles":["isConcertLiked — 单场点赞判断（EXISTS 查询）"],"fullName":"isConcertLiked — 单场点赞判断（EXISTS 查询） 表缺失（未迁移）时不抛错，返回 false","status":"passed","title":"表缺失（未迁移）时不抛错，返回 false","duration":0.26319999999998345,"failureMessages":[],"meta":{},"tags":[]},{"ancestorTitles":["冗余计数回退 — concerts.likes 列缺失（未迁移库）"],"fullName":"冗余计数回退 — concerts.likes 列缺失（未迁移库） UPDATE 抛错时回退实时 COUNT(*)，点赞 / 取消仍正确","status":"passed","title":"UPDATE 抛错时回退实时 COUNT(*)，点赞 / 取消仍正确","duration":0.8365000000000009,"failureMessages":[],"meta":{},"tags":[]}],"startTime":1789381133191,"endTime":1789381133211.8364,"status":"passed","message":"","name":"F:/static/ilive_neo/test/unit/concertLikes.test.ts"},{"assertionResults":[{"ancestorTitles":["CONFIG — 配置项"],"fullName":"CONFIG — 配置项 PERFORMANCE_MONITOR 仅在非生产环境开启","status":"passed","title":"PERFORMANCE_MONITOR 仅在非生产环境开启","duration":1.6963000000000648,"failureMessages":[],"meta":{},"tags":[]},{"ancestorTitles":["CONFIG — 配置项"],"fullName":"CONFIG — 配置项 DEBOUNCE_RESIZE_DELAY 为 250","status":"passed","title":"DEBOUNCE_RESIZE_DELAY 为 250","duration":0.2619000000000824,"failureMessages":[],"meta":{},"tags":[]},{"ancestorTitles":["CONFIG — 配置项"],"fullName":"CONFIG — 配置项 TOAST_DURATION 有效（供 UI-030 配合）","status":"passed","title":"TOAST_DURATION 有效（供 UI-030 配合）","duration":0.24259999999992488,"failureMessages":[],"meta":{},"tags":[]},{"ancestorTitles":["CONFIG — 配置项"],"fullName":"CONFIG — 配置项 专辑轮播配置完整","status":"passed","title":"专辑轮播配置完整","duration":0.2576000000000249,"failureMessages":[],"meta":{},"tags":[]}],"startTime":1789381133375,"endTime":1789381133377.262,"status":"passed","message":"","name":"F:/static/ilive_neo/test/unit/config.test.ts"},{"assertionResults":[{"ancestorTitles":["getDbConfig — runtimeConfig 读取"],"fullName":"getDbConfig — runtimeConfig 读取 turso 未配置时使用本地 file: 默认值，token 为空串","status":"passed","title":"turso 未配置时使用本地 file: 默认值，token 为空串","duration":4.291699999999992,"failureMessages":[],"meta":{},"tags":[]},{"ancestorTitles":["getDbConfig — runtimeConfig 读取"],"fullName":"getDbConfig — runtimeConfig 读取 读取 runtimeConfig.turso.databaseUrl / authToken（远程 Turso 场景）","status":"passed","title":"读取 runtimeConfig.turso.databaseUrl / authToken（远程 Turso 场景）","duration":2.351099999999974,"failureMessages":[],"meta":{},"tags":[]},{"ancestorTitles":["getDbConfig — runtimeConfig 读取"],"fullName":"getDbConfig — runtimeConfig 读取 authToken 为空 / undefined 时归一为空串（不返回 undefined）","status":"passed","title":"authToken 为空 / undefined 时归一为空串（不返回 undefined）","duration":1.0998999999999342,"failureMessages":[],"meta":{},"tags":[]},{"ancestorTitles":["getDbConfig — runtimeConfig 读取"],"fullName":"getDbConfig — runtimeConfig 读取 databaseUrl 为空串时回退默认本地库（|| 兜底）","status":"passed","title":"databaseUrl 为空串时回退默认本地库（|| 兜底）","duration":0.6564999999999372,"failureMessages":[],"meta":{},"tags":[]},{"ancestorTitles":["resolveFileUrl — 协议与路径解析"],"fullName":"resolveFileUrl — 协议与路径解析 libsql: 远程协议原样透传（不做路径解析）","status":"passed","title":"libsql: 远程协议原样透传（不做路径解析）","duration":0.4438000000000102,"failureMessages":[],"meta":{},"tags":[]},{"ancestorTitles":["resolveFileUrl — 协议与路径解析"],"fullName":"resolveFileUrl — 协议与路径解析 file:./ 相对路径 → 基于 process.cwd() 的绝对路径","status":"passed","title":"file:./ 相对路径 → 基于 process.cwd() 的绝对路径","duration":0.44870000000003074,"failureMessages":[],"meta":{},"tags":[]},{"ancestorTitles":["resolveFileUrl — 协议与路径解析"],"fullName":"resolveFileUrl — 协议与路径解析 file: 后不带 ./ 的相对路径同样解析","status":"passed","title":"file: 后不带 ./ 的相对路径同样解析","duration":0.6511999999999034,"failureMessages":[],"meta":{},"tags":[]},{"ancestorTitles":["resolveFileUrl — 协议与路径解析"],"fullName":"resolveFileUrl — 协议与路径解析 file: 绝对路径保留（不再叠加 cwd）","status":"passed","title":"file: 绝对路径保留（不再叠加 cwd）","duration":1.3555999999999813,"failureMessages":[],"meta":{},"tags":[]},{"ancestorTitles":["resolveFileUrl — 协议与路径解析"],"fullName":"resolveFileUrl — 协议与路径解析 Windows 下反斜杠统一为正斜杠（libsql 可识别）","status":"passed","title":"Windows 下反斜杠统一为正斜杠（libsql 可识别）","duration":0.7591999999999643,"failureMessages":[],"meta":{},"tags":[]},{"ancestorTitles":["resolveFileUrl — 协议与路径解析"],"fullName":"resolveFileUrl — 协议与路径解析 解析结果始终保留 file: 前缀且指向同一物理位置","status":"passed","title":"解析结果始终保留 file: 前缀且指向同一物理位置","duration":0.7822000000001026,"failureMessages":[],"meta":{},"tags":[]}],"startTime":1789381133317,"endTime":1789381133330.7822,"status":"passed","message":"","name":"F:/static/ilive_neo/test/unit/db-config.test.ts"},{"assertionResults":[{"ancestorTitles":["formatWishDate — 固定的绝对日期（水合安全）"],"fullName":"formatWishDate — 固定的绝对日期（水合安全） 输出 YYYY.MM.DD","status":"passed","title":"输出 YYYY.MM.DD","duration":3.7519999999999527,"failureMessages":[],"meta":{},"tags":[]},{"ancestorTitles":["formatWishDate — 固定的绝对日期（水合安全）"],"fullName":"formatWishDate — 固定的绝对日期（水合安全） 个位数月/日补零","status":"passed","title":"个位数月/日补零","duration":0.29970000000002983,"failureMessages":[],"meta":{},"tags":[]},{"ancestorTitles":["formatWishDate — 固定的绝对日期（水合安全）"],"fullName":"formatWishDate — 固定的绝对日期（水合安全） 无法解析时返回空串","status":"passed","title":"无法解析时返回空串","duration":0.20849999999995816,"failureMessages":[],"meta":{},"tags":[]},{"ancestorTitles":["formatWishDate — 固定的绝对日期（水合安全）"],"fullName":"formatWishDate — 固定的绝对日期（水合安全） 不含空格/UTC 偏移，SSR 与客户端输出一致","status":"passed","title":"不含空格/UTC 偏移，SSR 与客户端输出一致","duration":0.3645000000000209,"failureMessages":[],"meta":{},"tags":[]}],"startTime":1789381133395,"endTime":1789381133400.3645,"status":"passed","message":"","name":"F:/static/ilive_neo/test/unit/formatWishDate.test.ts"},{"assertionResults":[{"ancestorTitles":["formatWishTime — 许愿时间格式化"],"fullName":"formatWishTime — 许愿时间格式化 一分钟内显示\"刚刚\"","status":"passed","title":"一分钟内显示\"刚刚\"","duration":10.826099999999997,"failureMessages":[],"meta":{},"tags":[]},{"ancestorTitles":["formatWishTime — 许愿时间格式化"],"fullName":"formatWishTime — 许愿时间格式化 一小时内显示\"N 分钟前\"","status":"passed","title":"一小时内显示\"N 分钟前\"","duration":0.9879000000000815,"failureMessages":[],"meta":{},"tags":[]},{"ancestorTitles":["formatWishTime — 许愿时间格式化"],"fullName":"formatWishTime — 许愿时间格式化 一天内显示\"N 小时前\"","status":"passed","title":"一天内显示\"N 小时前\"","duration":0.5882000000001426,"failureMessages":[],"meta":{},"tags":[]},{"ancestorTitles":["formatWishTime — 许愿时间格式化"],"fullName":"formatWishTime — 许愿时间格式化 一周内显示\"N 天前\"","status":"passed","title":"一周内显示\"N 天前\"","duration":0.5272999999999683,"failureMessages":[],"meta":{},"tags":[]},{"ancestorTitles":["formatWishTime — 许愿时间格式化"],"fullName":"formatWishTime — 许愿时间格式化 超过一周返回本地日期字符串","status":"passed","title":"超过一周返回本地日期字符串","duration":36.06920000000014,"failureMessages":[],"meta":{},"tags":[]}],"startTime":1789381132082,"endTime":1789381132131.069,"status":"passed","message":"","name":"F:/static/ilive_neo/test/unit/formatWishTime.test.ts"},{"assertionResults":[{"ancestorTitles":["UT-13b mapFriendLink / fetchFriendLinks — DB 优先"],"fullName":"UT-13b mapFriendLink / fetchFriendLinks — DB 优先 DB 有值 → 按 seq 顺序取回，字段映射正确","status":"passed","title":"DB 有值 → 按 seq 顺序取回，字段映射正确","duration":7.925300000000107,"failureMessages":[],"meta":{},"tags":[]},{"ancestorTitles":["UT-13b mapFriendLink / fetchFriendLinks — DB 优先"],"fullName":"UT-13b mapFriendLink / fetchFriendLinks — DB 优先 运营在库中改写的值优先（不覆盖、不回退）","status":"passed","title":"运营在库中改写的值优先（不覆盖、不回退）","duration":1.1290999999998803,"failureMessages":[],"meta":{},"tags":[]},{"ancestorTitles":["UT-13b mapFriendLink / fetchFriendLinks — DB 优先"],"fullName":"UT-13b mapFriendLink / fetchFriendLinks — DB 优先 icon 为 null → 回退通用图标；description 为 null → 保持 null","status":"passed","title":"icon 为 null → 回退通用图标；description 为 null → 保持 null","duration":0.8177000000000589,"failureMessages":[],"meta":{},"tags":[]},{"ancestorTitles":["UT-13b mapFriendLink / fetchFriendLinks — DB 优先"],"fullName":"UT-13b mapFriendLink / fetchFriendLinks — DB 优先 title_i18n 非法 JSON → 不抛错，回退 { \"zh-CN\": \"\" } 由展示层再回退","status":"passed","title":"title_i18n 非法 JSON → 不抛错，回退 { \"zh-CN\": \"\" } 由展示层再回退","duration":0.40780000000017935,"failureMessages":[],"meta":{},"tags":[]},{"ancestorTitles":["UT-13b mapFriendLink / fetchFriendLinks — DB 优先"],"fullName":"UT-13b mapFriendLink / fetchFriendLinks — DB 优先 href 为空的行被过滤（不产生空链接）","status":"passed","title":"href 为空的行被过滤（不产生空链接）","duration":0.6032000000000153,"failureMessages":[],"meta":{},"tags":[]},{"ancestorTitles":["UT-13c 回退链 — 空 DB / 未迁移 / 查询失败 → 空列表"],"fullName":"UT-13c 回退链 — 空 DB / 未迁移 / 查询失败 → 空列表 空 DB：fetchFriendLinks 返回空数组","status":"passed","title":"空 DB：fetchFriendLinks 返回空数组","duration":1.0778000000000247,"failureMessages":[],"meta":{},"tags":[]},{"ancestorTitles":["UT-13c 回退链 — 空 DB / 未迁移 / 查询失败 → 空列表"],"fullName":"UT-13c 回退链 — 空 DB / 未迁移 / 查询失败 → 空列表 未迁移 / DB 不可用：不抛错，返回空数组","status":"passed","title":"未迁移 / DB 不可用：不抛错，返回空数组","duration":1.8989000000001397,"failureMessages":[],"meta":{},"tags":[]},{"ancestorTitles":["UT-13c 回退链 — 空 DB / 未迁移 / 查询失败 → 空列表"],"fullName":"UT-13c 回退链 — 空 DB / 未迁移 / 查询失败 → 空列表 空 DB → resolveFriendLinks 返回空数组（不再回退内置列表）","status":"passed","title":"空 DB → resolveFriendLinks 返回空数组（不再回退内置列表）","duration":0.5456000000001495,"failureMessages":[],"meta":{},"tags":[]},{"ancestorTitles":["UT-13c 回退链 — 空 DB / 未迁移 / 查询失败 → 空列表"],"fullName":"UT-13c 回退链 — 空 DB / 未迁移 / 查询失败 → 空列表 null / undefined（数据未就绪）→ 返回空数组","status":"passed","title":"null / undefined（数据未就绪）→ 返回空数组","duration":0.741399999999885,"failureMessages":[],"meta":{},"tags":[]},{"ancestorTitles":["UT-13c 回退链 — 空 DB / 未迁移 / 查询失败 → 空列表"],"fullName":"UT-13c 回退链 — 空 DB / 未迁移 / 查询失败 → 空列表 DB 行全部非法（href 为空）→ 过滤后返回空数组","status":"passed","title":"DB 行全部非法（href 为空）→ 过滤后返回空数组","duration":1.1067000000000462,"failureMessages":[],"meta":{},"tags":[]},{"ancestorTitles":["UT-13d 多语言取值与字段级回退"],"fullName":"UT-13d 多语言取值与字段级回退 DB 含 3 语言时各 locale 取到各自文案","status":"passed","title":"DB 含 3 语言时各 locale 取到各自文案","duration":1.3290000000001783,"failureMessages":[],"meta":{},"tags":[]},{"ancestorTitles":["UT-13d 多语言取值与字段级回退"],"fullName":"UT-13d 多语言取值与字段级回退 DB 缺某语言 → 按 pickLocale 回退链兜底（zh-CN → en），不返回空","status":"passed","title":"DB 缺某语言 → 按 pickLocale 回退链兜底（zh-CN → en），不返回空","duration":0.8250000000000455,"failureMessages":[],"meta":{},"tags":[]},{"ancestorTitles":["UT-13d 多语言取值与字段级回退"],"fullName":"UT-13d 多语言取值与字段级回退 DB 行 title 全空 → 回退 href 本身，绝不空名称","status":"passed","title":"DB 行 title 全空 → 回退 href 本身，绝不空名称","duration":0.833699999999908,"failureMessages":[],"meta":{},"tags":[]},{"ancestorTitles":["UT-13d 多语言取值与字段级回退"],"fullName":"UT-13d 多语言取值与字段级回退 DB 出现新链接：名称取自 DB，缺失字段回退 href / 通用图标","status":"passed","title":"DB 出现新链接：名称取自 DB，缺失字段回退 href / 通用图标","duration":1.1141999999999825,"failureMessages":[],"meta":{},"tags":[]},{"ancestorTitles":["UT-13e 安全：href 协议白名单（防 javascript: 注入 · 服务端 + 前端双层）"],"fullName":"UT-13e 安全：href 协议白名单（防 javascript: 注入 · 服务端 + 前端双层） 服务端 mapFriendLink：javascript: / data: / vbscript: / file: 一律置空","status":"passed","title":"服务端 mapFriendLink：javascript: / data: / vbscript: / file: 一律置空","duration":1.7247999999999593,"failureMessages":[],"meta":{},"tags":[]},{"ancestorTitles":["UT-13e 安全：href 协议白名单（防 javascript: 注入 · 服务端 + 前端双层）"],"fullName":"UT-13e 安全：href 协议白名单（防 javascript: 注入 · 服务端 + 前端双层） 服务端 mapFriendLink：http(s) 与站内相对路径放行","status":"passed","title":"服务端 mapFriendLink：http(s) 与站内相对路径放行","duration":0.3712000000000444,"failureMessages":[],"meta":{},"tags":[]},{"ancestorTitles":["UT-13e 安全：href 协议白名单（防 javascript: 注入 · 服务端 + 前端双层）"],"fullName":"UT-13e 安全：href 协议白名单（防 javascript: 注入 · 服务端 + 前端双层） 服务端 mapFriendLink：协议相对 //host 被拒绝（避免跳转到外部站点）","status":"passed","title":"服务端 mapFriendLink：协议相对 //host 被拒绝（避免跳转到外部站点）","duration":0.16830000000004475,"failureMessages":[],"meta":{},"tags":[]},{"ancestorTitles":["UT-13e 安全：href 协议白名单（防 javascript: 注入 · 服务端 + 前端双层）"],"fullName":"UT-13e 安全：href 协议白名单（防 javascript: 注入 · 服务端 + 前端双层） 前端 resolveFriendLinks：非法协议条目被整条过滤，合法条目保留","status":"passed","title":"前端 resolveFriendLinks：非法协议条目被整条过滤，合法条目保留","duration":0.4474999999999909,"failureMessages":[],"meta":{},"tags":[]},{"ancestorTitles":["UT-13e 安全：href 协议白名单（防 javascript: 注入 · 服务端 + 前端双层）"],"fullName":"UT-13e 安全：href 协议白名单（防 javascript: 注入 · 服务端 + 前端双层） 前端 localizeFriendLink：控制字符混淆（java\\nscript:）被净化后剔除","status":"passed","title":"前端 localizeFriendLink：控制字符混淆（java\\nscript:）被净化后剔除","duration":0.22489999999993415,"failureMessages":[],"meta":{},"tags":[]},{"ancestorTitles":["UT-13e 安全：href 协议白名单（防 javascript: 注入 · 服务端 + 前端双层）"],"fullName":"UT-13e 安全：href 协议白名单（防 javascript: 注入 · 服务端 + 前端双层） 前端 localizeFriendLink：占位/纯空 href 保持为空（不被误判为相对路径）","status":"passed","title":"前端 localizeFriendLink：占位/纯空 href 保持为空（不被误判为相对路径）","duration":0.18389999999999418,"failureMessages":[],"meta":{},"tags":[]},{"ancestorTitles":["UT-13e 安全：href 协议白名单（防 javascript: 注入 · 服务端 + 前端双层）"],"fullName":"UT-13e 安全：href 协议白名单（防 javascript: 注入 · 服务端 + 前端双层） 锚点与站点相对路径仍可用（不误伤正常链接）","status":"passed","title":"锚点与站点相对路径仍可用（不误伤正常链接）","duration":0.19010000000002947,"failureMessages":[],"meta":{},"tags":[]}],"startTime":1789381132652,"endTime":1789381132677.2249,"status":"passed","message":"","name":"F:/static/ilive_neo/test/unit/friend-links.test.ts"},{"assertionResults":[{"ancestorTitles":["pickHotConcertIds — 点赞数前三档阈值"],"fullName":"pickHotConcertIds — 点赞数前三档阈值 全为 0 / 空列表 → 空集合（不产生热度标记）","status":"passed","title":"全为 0 / 空列表 → 空集合（不产生热度标记）","duration":3.6089000000000624,"failureMessages":[],"meta":{},"tags":[]},{"ancestorTitles":["pickHotConcertIds — 点赞数前三档阈值"],"fullName":"pickHotConcertIds — 点赞数前三档阈值 足够多档位 → 取点赞数最高的 3 个不同数值为阈值，≥ 阈值者全入选","status":"passed","title":"足够多档位 → 取点赞数最高的 3 个不同数值为阈值，≥ 阈值者全入选","duration":1.1534000000000333,"failureMessages":[],"meta":{},"tags":[]},{"ancestorTitles":["pickHotConcertIds — 点赞数前三档阈值"],"fullName":"pickHotConcertIds — 点赞数前三档阈值 并列点赞同显（第三档并列时全部入选，不截断为 3 个）","status":"passed","title":"并列点赞同显（第三档并列时全部入选，不截断为 3 个）","duration":0.39649999999994634,"failureMessages":[],"meta":{},"tags":[]},{"ancestorTitles":["pickHotConcertIds — 点赞数前三档阈值"],"fullName":"pickHotConcertIds — 点赞数前三档阈值 不足三档（仅 1~2 个不同数值）→ 有几档选几档","status":"passed","title":"不足三档（仅 1~2 个不同数值）→ 有几档选几档","duration":0.3606000000000904,"failureMessages":[],"meta":{},"tags":[]},{"ancestorTitles":["pickHotConcertIds — 点赞数前三档阈值"],"fullName":"pickHotConcertIds — 点赞数前三档阈值 负数 / 缺失 likes 视为 0，不入选；不影响正常票数","status":"passed","title":"负数 / 缺失 likes 视为 0，不入选；不影响正常票数","duration":0.268100000000004,"failureMessages":[],"meta":{},"tags":[]},{"ancestorTitles":["pickHotConcertIds — 点赞数前三档阈值"],"fullName":"pickHotConcertIds — 点赞数前三档阈值 不改写入参对象","status":"passed","title":"不改写入参对象","duration":0.2882999999999356,"failureMessages":[],"meta":{},"tags":[]},{"ancestorTitles":["computeCityConcertCounts — 城市演唱会数（跨语言匹配）"],"fullName":"computeCityConcertCounts — 城市演唱会数（跨语言匹配） 多语言文本命中即计数（zh-CN / en / zh-Hant 任一语言包含城市名）","status":"passed","title":"多语言文本命中即计数（zh-CN / en / zh-Hant 任一语言包含城市名）","duration":0.4470999999999776,"failureMessages":[],"meta":{},"tags":[]},{"ancestorTitles":["computeCityConcertCounts — 城市演唱会数（跨语言匹配）"],"fullName":"computeCityConcertCounts — 城市演唱会数（跨语言匹配） 仅英文语言命中也可计数（跨语言回退匹配）","status":"passed","title":"仅英文语言命中也可计数（跨语言回退匹配）","duration":0.26670000000001437,"failureMessages":[],"meta":{},"tags":[]},{"ancestorTitles":["computeCityConcertCounts — 城市演唱会数（跨语言匹配）"],"fullName":"computeCityConcertCounts — 城市演唱会数（跨语言匹配） 同一演唱会只归属首个命中的城市（避免重复计数）","status":"passed","title":"同一演唱会只归属首个命中的城市（避免重复计数）","duration":0.3162999999999556,"failureMessages":[],"meta":{},"tags":[]},{"ancestorTitles":["computeCityConcertCounts — 城市演唱会数（跨语言匹配）"],"fullName":"computeCityConcertCounts — 城市演唱会数（跨语言匹配） 缺少 location 的演唱会跳过，不产生 0 计数键","status":"passed","title":"缺少 location 的演唱会跳过，不产生 0 计数键","duration":0.525600000000054,"failureMessages":[],"meta":{},"tags":[]},{"ancestorTitles":["computeCityConcertCounts — 城市演唱会数（跨语言匹配）"],"fullName":"computeCityConcertCounts — 城市演唱会数（跨语言匹配） 空输入 → 空对象","status":"passed","title":"空输入 → 空对象","duration":0.6562999999999874,"failureMessages":[],"meta":{},"tags":[]}],"startTime":1789381133243,"endTime":1789381133251.6562,"status":"passed","message":"","name":"F:/static/ilive_neo/test/unit/hotConcerts.test.ts"},{"assertionResults":[{"ancestorTitles":["i18n 配置（nuxt.config）"],"fullName":"i18n 配置（nuxt.config） 包含 3 个 locale，code 与顺序符合预期","status":"passed","title":"包含 3 个 locale，code 与顺序符合预期","duration":3.266099999999824,"failureMessages":[],"meta":{},"tags":[]},{"ancestorTitles":["i18n 配置（nuxt.config）"],"fullName":"i18n 配置（nuxt.config） 每个 locale 均声明 BCP-47 lang，且与 ~/utils/seo 的 LOCALE_LANG 完全一致","status":"passed","title":"每个 locale 均声明 BCP-47 lang，且与 ~/utils/seo 的 LOCALE_LANG 完全一致","duration":1.4558999999999287,"failureMessages":[],"meta":{},"tags":[]},{"ancestorTitles":["i18n 配置（nuxt.config）"],"fullName":"i18n 配置（nuxt.config） SEO_LOCALES 与配置中的 locale code 列表一致","status":"passed","title":"SEO_LOCALES 与配置中的 locale code 列表一致","duration":1.34699999999998,"failureMessages":[],"meta":{},"tags":[]},{"ancestorTitles":["i18n 配置（nuxt.config）"],"fullName":"i18n 配置（nuxt.config） 默认语言 / 路由策略 / 回退语言配置正确","status":"passed","title":"默认语言 / 路由策略 / 回退语言配置正确","duration":1.0451000000000477,"failureMessages":[],"meta":{},"tags":[]},{"ancestorTitles":["全站 head 与 PWA 配置（P1-4 / P2-8 回归）"],"fullName":"全站 head 与 PWA 配置（P1-4 / P2-8 回归） app.head 不再包含随语言变化的 title / keywords / description / og / twitter 文案项","status":"passed","title":"app.head 不再包含随语言变化的 title / keywords / description / og / twitter 文案项","duration":1.4656999999999698,"failureMessages":[],"meta":{},"tags":[]},{"ancestorTitles":["全站 head 与 PWA 配置（P1-4 / P2-8 回归）"],"fullName":"全站 head 与 PWA 配置（P1-4 / P2-8 回归） app.head 保留与语言无关的静态元信息","status":"passed","title":"app.head 保留与语言无关的静态元信息","duration":1.9087999999999283,"failureMessages":[],"meta":{},"tags":[]},{"ancestorTitles":["全站 head 与 PWA 配置（P1-4 / P2-8 回归）"],"fullName":"全站 head 与 PWA 配置（P1-4 / P2-8 回归） app.head 静态 meta 全部与语言无关（不含中文）","status":"passed","title":"app.head 静态 meta 全部与语言无关（不含中文）","duration":0.7787000000000717,"failureMessages":[],"meta":{},"tags":[]},{"ancestorTitles":["全站 head 与 PWA 配置（P1-4 / P2-8 回归）"],"fullName":"全站 head 与 PWA 配置（P1-4 / P2-8 回归） PWA manifest 使用与语言无关的品牌名","status":"passed","title":"PWA manifest 使用与语言无关的品牌名","duration":0.43840000000000146,"failureMessages":[],"meta":{},"tags":[]},{"ancestorTitles":["全站 head 与 PWA 配置（P1-4 / P2-8 回归）"],"fullName":"全站 head 与 PWA 配置（P1-4 / P2-8 回归） 上一轮的 PWA / 构建相关改动保持不变","status":"passed","title":"上一轮的 PWA / 构建相关改动保持不变","duration":1.6122000000000298,"failureMessages":[],"meta":{},"tags":[]},{"ancestorTitles":["hreflang 与 og:locale 工具（~/utils/seo）"],"fullName":"hreflang 与 og:locale 工具（~/utils/seo） buildHreflangLinks 输出 3 个语言 + x-default","status":"passed","title":"buildHreflangLinks 输出 3 个语言 + x-default","duration":1.0554000000001906,"failureMessages":[],"meta":{},"tags":[]},{"ancestorTitles":["hreflang 与 og:locale 工具（~/utils/seo）"],"fullName":"hreflang 与 og:locale 工具（~/utils/seo） hreflang 与站点 URL 对应，默认语言无前缀","status":"passed","title":"hreflang 与站点 URL 对应，默认语言无前缀","duration":0.4192000000000462,"failureMessages":[],"meta":{},"tags":[]},{"ancestorTitles":["hreflang 与 og:locale 工具（~/utils/seo）"],"fullName":"hreflang 与 og:locale 工具（~/utils/seo） hreflang link 使用唯一且稳定的去重 key","status":"passed","title":"hreflang link 使用唯一且稳定的去重 key","duration":0.546100000000024,"failureMessages":[],"meta":{},"tags":[]},{"ancestorTitles":["hreflang 与 og:locale 工具（~/utils/seo）"],"fullName":"hreflang 与 og:locale 工具（~/utils/seo） 支持按传入的 locale 列表裁剪（便于页面按需输出）","status":"passed","title":"支持按传入的 locale 列表裁剪（便于页面按需输出）","duration":0.636600000000044,"failureMessages":[],"meta":{},"tags":[]},{"ancestorTitles":["hreflang 与 og:locale 工具（~/utils/seo）"],"fullName":"hreflang 与 og:locale 工具（~/utils/seo） toOgLocale 将 BCP-47 转为下划线格式","status":"passed","title":"toOgLocale 将 BCP-47 转为下划线格式","duration":0.7134999999998399,"failureMessages":[],"meta":{},"tags":[]},{"ancestorTitles":["hreflang 与 og:locale 工具（~/utils/seo）"],"fullName":"hreflang 与 og:locale 工具（~/utils/seo） 每个语言都能得到合法的 og:locale","status":"passed","title":"每个语言都能得到合法的 og:locale","duration":0.34920000000010987,"failureMessages":[],"meta":{},"tags":[]},{"ancestorTitles":["hreflang 与 og:locale 工具（~/utils/seo）"],"fullName":"hreflang 与 og:locale 工具（~/utils/seo） toLocaleUrl 处理默认语言与带前缀语言","status":"passed","title":"toLocaleUrl 处理默认语言与带前缀语言","duration":0.2583999999999378,"failureMessages":[],"meta":{},"tags":[]},{"ancestorTitles":["多语言站点描述（P1-6）"],"fullName":"多语言站点描述（P1-6） 三种语言均有独立描述文案，且互不相同","status":"passed","title":"三种语言均有独立描述文案，且互不相同","duration":0.2988000000000284,"failureMessages":[],"meta":{},"tags":[]},{"ancestorTitles":["多语言站点描述（P1-6）"],"fullName":"多语言站点描述（P1-6） 无艺人时返回备用文案，且不残留占位符","status":"passed","title":"无艺人时返回备用文案，且不残留占位符","duration":0.40820000000007894,"failureMessages":[],"meta":{},"tags":[]},{"ancestorTitles":["多语言站点描述（P1-6）"],"fullName":"多语言站点描述（P1-6） 有艺人时插入当前语言艺人串","status":"passed","title":"有艺人时插入当前语言艺人串","duration":0.29739999999992506,"failureMessages":[],"meta":{},"tags":[]},{"ancestorTitles":["多语言站点描述（P1-6）"],"fullName":"多语言站点描述（P1-6） 繁体与简体文案不同（避免繁简混用）","status":"passed","title":"繁体与简体文案不同（避免繁简混用）","duration":0.3851999999999407,"failureMessages":[],"meta":{},"tags":[]},{"ancestorTitles":["多语言站点描述（P1-6）"],"fullName":"多语言站点描述（P1-6） 描述模板 / 艺人分隔符覆盖全部语言","status":"passed","title":"描述模板 / 艺人分隔符覆盖全部语言","duration":0.6050000000000182,"failureMessages":[],"meta":{},"tags":[]},{"ancestorTitles":["SSR head 组装（P1-3 / P1-5 源码回归）"],"fullName":"SSR head 组装（P1-3 / P1-5 源码回归） app.vue 输出 htmlAttrs.lang 与 og:locale，并复用 buildHreflangLinks","status":"passed","title":"app.vue 输出 htmlAttrs.lang 与 og:locale，并复用 buildHreflangLinks","duration":0.9615000000001146,"failureMessages":[],"meta":{},"tags":[]},{"ancestorTitles":["SSR head 组装（P1-3 / P1-5 源码回归）"],"fullName":"SSR head 组装（P1-3 / P1-5 源码回归） index.vue 复用 buildHreflangLinks，不再只输出单条 zh-CN hreflang","status":"passed","title":"index.vue 复用 buildHreflangLinks，不再只输出单条 zh-CN hreflang","duration":1.778099999999995,"failureMessages":[],"meta":{},"tags":[]},{"ancestorTitles":["SSR head 组装（P1-3 / P1-5 源码回归）"],"fullName":"SSR head 组装（P1-3 / P1-5 源码回归） canonical 由 app.vue 按 locale 输出（复用 toLocaleUrl），站点地址来自 runtimeConfig","status":"passed","title":"canonical 由 app.vue 按 locale 输出（复用 toLocaleUrl），站点地址来自 runtimeConfig","duration":1.7741000000000895,"failureMessages":[],"meta":{},"tags":[]},{"ancestorTitles":["SSR head 组装（P1-3 / P1-5 源码回归）"],"fullName":"SSR head 组装（P1-3 / P1-5 源码回归） index.vue 的 SEO 文案改为 DB 优先 + 代码级回退（不存在空 title/description）","status":"passed","title":"index.vue 的 SEO 文案改为 DB 优先 + 代码级回退（不存在空 title/description）","duration":1.105099999999993,"failureMessages":[],"meta":{},"tags":[]}],"startTime":1789381132465,"endTime":1789381132492.105,"status":"passed","message":"","name":"F:/static/ilive_neo/test/unit/i18n.test.ts"},{"assertionResults":[{"ancestorTitles":["pickLocale — 多语言回退取词"],"fullName":"pickLocale — 多语言回退取词 命中目标语言时直接返回该语言值","status":"passed","title":"命中目标语言时直接返回该语言值","duration":5.295899999999847,"failureMessages":[],"meta":{},"tags":[]},{"ancestorTitles":["pickLocale — 多语言回退取词"],"fullName":"pickLocale — 多语言回退取词 目标语言缺失时回退到 zh","status":"passed","title":"目标语言缺失时回退到 zh","duration":0.5035000000000309,"failureMessages":[],"meta":{},"tags":[]},{"ancestorTitles":["pickLocale — 多语言回退取词"],"fullName":"pickLocale — 多语言回退取词 zh 缺失时回退到 en","status":"passed","title":"zh 缺失时回退到 en","duration":0.34799999999995634,"failureMessages":[],"meta":{},"tags":[]},{"ancestorTitles":["pickLocale — 多语言回退取词"],"fullName":"pickLocale — 多语言回退取词 目标语言为空白串时同样触发回退","status":"passed","title":"目标语言为空白串时同样触发回退","duration":0.3021000000001095,"failureMessages":[],"meta":{},"tags":[]},{"ancestorTitles":["pickLocale — 多语言回退取词"],"fullName":"pickLocale — 多语言回退取词 null / undefined 输入返回空串","status":"passed","title":"null / undefined 输入返回空串","duration":0.30159999999978027,"failureMessages":[],"meta":{},"tags":[]},{"ancestorTitles":["pickLocale — 多语言回退取词"],"fullName":"pickLocale — 多语言回退取词 所有语言均为空时返回空串","status":"passed","title":"所有语言均为空时返回空串","duration":0.2845999999999549,"failureMessages":[],"meta":{},"tags":[]},{"ancestorTitles":["localizeConcert — 多语言演唱会本地化为单语言"],"fullName":"localizeConcert — 多语言演唱会本地化为单语言 zh 模式输出中文字段集","status":"passed","title":"zh 模式输出中文字段集","duration":2.6369999999999436,"failureMessages":[],"meta":{},"tags":[]},{"ancestorTitles":["localizeConcert — 多语言演唱会本地化为单语言"],"fullName":"localizeConcert — 多语言演唱会本地化为单语言 en 模式输出英文字段集","status":"passed","title":"en 模式输出英文字段集","duration":0.6765000000000327,"failureMessages":[],"meta":{},"tags":[]},{"ancestorTitles":["localizeConcert — 多语言演唱会本地化为单语言"],"fullName":"localizeConcert — 多语言演唱会本地化为单语言 未翻译语言（zh-Hant）整体回退到 zh","status":"passed","title":"未翻译语言（zh-Hant）整体回退到 zh","duration":0.5207000000000335,"failureMessages":[],"meta":{},"tags":[]},{"ancestorTitles":["localizeConcert — 多语言演唱会本地化为单语言"],"fullName":"localizeConcert — 多语言演唱会本地化为单语言 locationDetail 四段分别本地化","status":"passed","title":"locationDetail 四段分别本地化","duration":0.5600999999999203,"failureMessages":[],"meta":{},"tags":[]},{"ancestorTitles":["localizeConcert — 多语言演唱会本地化为单语言"],"fullName":"localizeConcert — 多语言演唱会本地化为单语言 seat / price / video / videoUrl 为 null 时输出 null","status":"passed","title":"seat / price / video / videoUrl 为 null 时输出 null","duration":0.4819999999999709,"failureMessages":[],"meta":{},"tags":[]},{"ancestorTitles":["localizeConcert — 多语言演唱会本地化为单语言"],"fullName":"localizeConcert — 多语言演唱会本地化为单语言 images 的 alt 按语言本地化","status":"passed","title":"images 的 alt 按语言本地化","duration":0.46460000000001855,"failureMessages":[],"meta":{},"tags":[]},{"ancestorTitles":["localizeConcert — 多语言演唱会本地化为单语言"],"fullName":"localizeConcert — 多语言演唱会本地化为单语言 songlist 转为 { name, link } 并本地化 name","status":"passed","title":"songlist 转为 { name, link } 并本地化 name","duration":0.8520000000000891,"failureMessages":[],"meta":{},"tags":[]},{"ancestorTitles":["localizeConcert — 多语言演唱会本地化为单语言"],"fullName":"localizeConcert — 多语言演唱会本地化为单语言 songlist 目标语言缺失时回退","status":"passed","title":"songlist 目标语言缺失时回退","duration":0.6467000000000098,"failureMessages":[],"meta":{},"tags":[]},{"ancestorTitles":["localizeConcert — 多语言演唱会本地化为单语言"],"fullName":"localizeConcert — 多语言演唱会本地化为单语言 tags 按索引逐项回退","status":"passed","title":"tags 按索引逐项回退","duration":0.7180000000000746,"failureMessages":[],"meta":{},"tags":[]},{"ancestorTitles":["localizeConcert — 多语言演唱会本地化为单语言"],"fullName":"localizeConcert — 多语言演唱会本地化为单语言 保留 id / date / time / poster 等非翻译字段","status":"passed","title":"保留 id / date / time / poster 等非翻译字段","duration":0.7399000000000342,"failureMessages":[],"meta":{},"tags":[]},{"ancestorTitles":["localizeCity — 多语言城市本地化"],"fullName":"localizeCity — 多语言城市本地化 en 模式取英文名，concertCount 由调用方填充（默认 0）","status":"passed","title":"en 模式取英文名，concertCount 由调用方填充（默认 0）","duration":0.8646000000001095,"failureMessages":[],"meta":{},"tags":[]},{"ancestorTitles":["localizeCity — 多语言城市本地化"],"fullName":"localizeCity — 多语言城市本地化 未翻译语言回退到 zh","status":"passed","title":"未翻译语言回退到 zh","duration":0.30330000000003565,"failureMessages":[],"meta":{},"tags":[]},{"ancestorTitles":["localizeWish — 多语言许愿本地化"],"fullName":"localizeWish — 多语言许愿本地化 en 模式取英文内容，其余字段原样保留","status":"passed","title":"en 模式取英文内容，其余字段原样保留","duration":0.8550999999999931,"failureMessages":[],"meta":{},"tags":[]},{"ancestorTitles":["localizeWish — 多语言许愿本地化"],"fullName":"localizeWish — 多语言许愿本地化 未翻译语言回退到 zh","status":"passed","title":"未翻译语言回退到 zh","duration":0.4678999999998723,"failureMessages":[],"meta":{},"tags":[]},{"ancestorTitles":["computeCityConcertCounts — 城市演唱会计数（跨语言匹配）"],"fullName":"computeCityConcertCounts — 城市演唱会计数（跨语言匹配） 按 location 包含城市名计数（任一语言命中）","status":"passed","title":"按 location 包含城市名计数（任一语言命中）","duration":0.4511999999999716,"failureMessages":[],"meta":{},"tags":[]},{"ancestorTitles":["computeCityConcertCounts — 城市演唱会计数（跨语言匹配）"],"fullName":"computeCityConcertCounts — 城市演唱会计数（跨语言匹配） zh 为空、仅 en 命中时按 en 计数","status":"passed","title":"zh 为空、仅 en 命中时按 en 计数","duration":0.20920000000000982,"failureMessages":[],"meta":{},"tags":[]},{"ancestorTitles":["computeCityConcertCounts — 城市演唱会计数（跨语言匹配）"],"fullName":"computeCityConcertCounts — 城市演唱会计数（跨语言匹配） 无城市命中时返回空对象","status":"passed","title":"无城市命中时返回空对象","duration":0.4475999999999658,"failureMessages":[],"meta":{},"tags":[]},{"ancestorTitles":["computeCityConcertCounts — 城市演唱会计数（跨语言匹配）"],"fullName":"computeCityConcertCounts — 城市演唱会计数（跨语言匹配） location 缺失的条目被跳过","status":"passed","title":"location 缺失的条目被跳过","duration":0.6954000000000633,"failureMessages":[],"meta":{},"tags":[]},{"ancestorTitles":["pickHotConcertIds — 热度标记（点赞前三，并列同显）"],"fullName":"pickHotConcertIds — 热度标记（点赞前三，并列同显） 全部为 0（或无 likes）→ 空集合","status":"passed","title":"全部为 0（或无 likes）→ 空集合","duration":0.39030000000002474,"failureMessages":[],"meta":{},"tags":[]},{"ancestorTitles":["pickHotConcertIds — 热度标记（点赞前三，并列同显）"],"fullName":"pickHotConcertIds — 热度标记（点赞前三，并列同显） 不足三档时有几档选几档","status":"passed","title":"不足三档时有几档选几档","duration":0.32389999999986685,"failureMessages":[],"meta":{},"tags":[]},{"ancestorTitles":["pickHotConcertIds — 热度标记（点赞前三，并列同显）"],"fullName":"pickHotConcertIds — 热度标记（点赞前三，并列同显） 取点赞数最高的三档，第四档不入选","status":"passed","title":"取点赞数最高的三档，第四档不入选","duration":0.21620000000007167,"failureMessages":[],"meta":{},"tags":[]},{"ancestorTitles":["pickHotConcertIds — 热度标记（点赞前三，并列同显）"],"fullName":"pickHotConcertIds — 热度标记（点赞前三，并列同显） 第三档并列同显（与第三档同值者一并入选）","status":"passed","title":"第三档并列同显（与第三档同值者一并入选）","duration":0.20109999999999673,"failureMessages":[],"meta":{},"tags":[]},{"ancestorTitles":["pickHotConcertIds — 热度标记（点赞前三，并列同显）"],"fullName":"pickHotConcertIds — 热度标记（点赞前三，并列同显） 并列第一名全部入选","status":"passed","title":"并列第一名全部入选","duration":0.16460000000006403,"failureMessages":[],"meta":{},"tags":[]}],"startTime":1789381132155,"endTime":1789381132178.324,"status":"passed","message":"","name":"F:/static/ilive_neo/test/unit/localize.test.ts"},{"assertionResults":[{"ancestorTitles":["parseI18n — 多语言 JSON 列解析"],"fullName":"parseI18n — 多语言 JSON 列解析 正常 JSON 解析为对象并保留各语言值","status":"passed","title":"正常 JSON 解析为对象并保留各语言值","duration":34.34789999999998,"failureMessages":[],"meta":{},"tags":[]},{"ancestorTitles":["parseI18n — 多语言 JSON 列解析"],"fullName":"parseI18n — 多语言 JSON 列解析 缺少 zh-CN 键时补空串（zh-CN 为基语言）","status":"passed","title":"缺少 zh-CN 键时补空串（zh-CN 为基语言）","duration":1.1343999999999141,"failureMessages":[],"meta":{},"tags":[]},{"ancestorTitles":["parseI18n — 多语言 JSON 列解析"],"fullName":"parseI18n — 多语言 JSON 列解析 null / undefined / 空串 → { 'zh-CN': '' }","status":"passed","title":"null / undefined / 空串 → { 'zh-CN': '' }","duration":1.2802999999998974,"failureMessages":[],"meta":{},"tags":[]},{"ancestorTitles":["parseI18n — 多语言 JSON 列解析"],"fullName":"parseI18n — 多语言 JSON 列解析 非法 JSON 不抛错，回退为 { 'zh-CN': '' }","status":"passed","title":"非法 JSON 不抛错，回退为 { 'zh-CN': '' }","duration":0.7734000000000378,"failureMessages":[],"meta":{},"tags":[]},{"ancestorTitles":["mapConcert — 演唱会行 → 多语言对象映射"],"fullName":"mapConcert — 演唱会行 → 多语言对象映射 location 拼接为「国家 · 省 · 市 · 场馆」","status":"passed","title":"location 拼接为「国家 · 省 · 市 · 场馆」","duration":2.4179999999998927,"failureMessages":[],"meta":{},"tags":[]},{"ancestorTitles":["mapConcert — 演唱会行 → 多语言对象映射"],"fullName":"mapConcert — 演唱会行 → 多语言对象映射 venue 缺失时自动省略（国家 · 省 · 市）","status":"passed","title":"venue 缺失时自动省略（国家 · 省 · 市）","duration":7.370200000000068,"failureMessages":[],"meta":{},"tags":[]},{"ancestorTitles":["mapConcert — 演唱会行 → 多语言对象映射"],"fullName":"mapConcert — 演唱会行 → 多语言对象映射 country 为空 JSON 时自动省略（省 · 市 · 场馆）","status":"passed","title":"country 为空 JSON 时自动省略（省 · 市 · 场馆）","duration":7.367799999999988,"failureMessages":[],"meta":{},"tags":[]},{"ancestorTitles":["mapConcert — 演唱会行 → 多语言对象映射"],"fullName":"mapConcert — 演唱会行 → 多语言对象映射 未翻译语言（zh-Hant）的 location 为空串，不跨语言回退","status":"passed","title":"未翻译语言（zh-Hant）的 location 为空串，不跨语言回退","duration":0.6971000000000913,"failureMessages":[],"meta":{},"tags":[]},{"ancestorTitles":["mapConcert — 演唱会行 → 多语言对象映射"],"fullName":"mapConcert — 演唱会行 → 多语言对象映射 locationDetail 返回按语言分段的四段结构","status":"passed","title":"locationDetail 返回按语言分段的四段结构","duration":0.6244999999998981,"failureMessages":[],"meta":{},"tags":[]},{"ancestorTitles":["mapConcert — 演唱会行 → 多语言对象映射"],"fullName":"mapConcert — 演唱会行 → 多语言对象映射 artist / concertName / theme / description 映射为多语言对象","status":"passed","title":"artist / concertName / theme / description 映射为多语言对象","duration":0.7459999999998672,"failureMessages":[],"meta":{},"tags":[]},{"ancestorTitles":["mapConcert — 演唱会行 → 多语言对象映射"],"fullName":"mapConcert — 演唱会行 → 多语言对象映射 seat / price / video 有值时为多语言对象","status":"passed","title":"seat / price / video 有值时为多语言对象","duration":0.5126000000000204,"failureMessages":[],"meta":{},"tags":[]},{"ancestorTitles":["mapConcert — 演唱会行 → 多语言对象映射"],"fullName":"mapConcert — 演唱会行 → 多语言对象映射 seat / price / video / videoUrl 为 null 时输出 null","status":"passed","title":"seat / price / video / videoUrl 为 null 时输出 null","duration":0.6978999999998905,"failureMessages":[],"meta":{},"tags":[]},{"ancestorTitles":["mapConcert — 演唱会行 → 多语言对象映射"],"fullName":"mapConcert — 演唱会行 → 多语言对象映射 tags 合并多行为「每语言数组」，缺失语言补空数组","status":"passed","title":"tags 合并多行为「每语言数组」，缺失语言补空数组","duration":1.1552000000001499,"failureMessages":[],"meta":{},"tags":[]},{"ancestorTitles":["mapConcert — 演唱会行 → 多语言对象映射"],"fullName":"mapConcert — 演唱会行 → 多语言对象映射 images 映射为 { src, alt }","status":"passed","title":"images 映射为 { src, alt }","duration":0.9693999999999505,"failureMessages":[],"meta":{},"tags":[]},{"ancestorTitles":["mapConcert — 演唱会行 → 多语言对象映射"],"fullName":"mapConcert — 演唱会行 → 多语言对象映射 songlist 映射为 { name, link }","status":"passed","title":"songlist 映射为 { name, link }","duration":1.4605999999998858,"failureMessages":[],"meta":{},"tags":[]},{"ancestorTitles":["mapConcert — 演唱会行 → 多语言对象映射"],"fullName":"mapConcert — 演唱会行 → 多语言对象映射 保留 id / date / time / poster 等非翻译字段","status":"passed","title":"保留 id / date / time / poster 等非翻译字段","duration":0.9332999999999174,"failureMessages":[],"meta":{},"tags":[]},{"ancestorTitles":["mapConcert — 演唱会行 → 多语言对象映射"],"fullName":"mapConcert — 演唱会行 → 多语言对象映射 点赞默认值：mapConcert 输出 likes=0 / liked=false，由接口层用 concert_likes 覆盖","status":"passed","title":"点赞默认值：mapConcert 输出 likes=0 / liked=false，由接口层用 concert_likes 覆盖","duration":0.8934000000001561,"failureMessages":[],"meta":{},"tags":[]},{"ancestorTitles":["fetchAllConcerts — 批量查询后内存 groupBy 装配"],"fullName":"fetchAllConcerts — 批量查询后内存 groupBy 装配 无数据时返回空数组","status":"passed","title":"无数据时返回空数组","duration":1.1868000000001757,"failureMessages":[],"meta":{},"tags":[]},{"ancestorTitles":["fetchAllConcerts — 批量查询后内存 groupBy 装配"],"fullName":"fetchAllConcerts — 批量查询后内存 groupBy 装配 按 concert_id 将 tags/images/songlist 装配到各场演唱会","status":"passed","title":"按 concert_id 将 tags/images/songlist 装配到各场演唱会","duration":2.8921000000000276,"failureMessages":[],"meta":{},"tags":[]}],"startTime":1789381132525,"endTime":1789381132593.892,"status":"passed","message":"","name":"F:/static/ilive_neo/test/unit/mappers.test.ts"},{"assertionResults":[{"ancestorTitles":["parseI18n — 多语言文本列"],"fullName":"parseI18n — 多语言文本列 正常 JSON：解析各语言并保留原键","status":"passed","title":"正常 JSON：解析各语言并保留原键","duration":4.708999999999946,"failureMessages":[],"meta":{},"tags":[]},{"ancestorTitles":["parseI18n — 多语言文本列"],"fullName":"parseI18n — 多语言文本列 缺少 zh-CN：自动补空串（zh-CN 为基语言）","status":"passed","title":"缺少 zh-CN：自动补空串（zh-CN 为基语言）","duration":0.6689000000000078,"failureMessages":[],"meta":{},"tags":[]},{"ancestorTitles":["parseI18n — 多语言文本列"],"fullName":"parseI18n — 多语言文本列 历史库遗留的已下线语言键（ja / ko）原样保留、不参与展示也不抛错","status":"passed","title":"历史库遗留的已下线语言键（ja / ko）原样保留、不参与展示也不抛错","duration":0.5112000000000307,"failureMessages":[],"meta":{},"tags":[]},{"ancestorTitles":["parseI18n — 多语言文本列"],"fullName":"parseI18n — 多语言文本列 null / undefined / 空串 → { \"zh-CN\": \"\" }","status":"passed","title":"null / undefined / 空串 → { \"zh-CN\": \"\" }","duration":2.0792000000000144,"failureMessages":[],"meta":{},"tags":[]},{"ancestorTitles":["parseI18n — 多语言文本列"],"fullName":"parseI18n — 多语言文本列 非法 JSON / JSON 标量 / 数组都不抛错，回退 { \"zh-CN\": \"\" }","status":"passed","title":"非法 JSON / JSON 标量 / 数组都不抛错，回退 { \"zh-CN\": \"\" }","duration":0.7414999999999736,"failureMessages":[],"meta":{},"tags":[]},{"ancestorTitles":["parseI18n — 多语言文本列"],"fullName":"parseI18n — 多语言文本列 键存在但值为 null 时补空串（?? 兜底）","status":"passed","title":"键存在但值为 null 时补空串（?? 兜底）","duration":0.40829999999994016,"failureMessages":[],"meta":{},"tags":[]},{"ancestorTitles":["parseTags — 多语言标签数组列"],"fullName":"parseTags — 多语言标签数组列 正常 JSON 数组：各语言数组可用","status":"passed","title":"正常 JSON 数组：各语言数组可用","duration":0.8410999999999831,"failureMessages":[],"meta":{},"tags":[]},{"ancestorTitles":["parseTags — 多语言标签数组列"],"fullName":"parseTags — 多语言标签数组列 缺少 zh-CN：补空数组","status":"passed","title":"缺少 zh-CN：补空数组","duration":0.5531999999999471,"failureMessages":[],"meta":{},"tags":[]},{"ancestorTitles":["parseTags — 多语言标签数组列"],"fullName":"parseTags — 多语言标签数组列 null / undefined / 空串 / 非法 JSON → { \"zh-CN\": [] }","status":"passed","title":"null / undefined / 空串 / 非法 JSON → { \"zh-CN\": [] }","duration":0.841199999999958,"failureMessages":[],"meta":{},"tags":[]},{"ancestorTitles":["parseTags — 多语言标签数组列"],"fullName":"parseTags — 多语言标签数组列 zh-CN 值不是数组时兜底为空数组（脏数据防护）","status":"passed","title":"zh-CN 值不是数组时兜底为空数组（脏数据防护）","duration":0.6355000000000928,"failureMessages":[],"meta":{},"tags":[]},{"ancestorTitles":["has — 非 null 类型守卫"],"fullName":"has — 非 null 类型守卫 null / undefined → false","status":"passed","title":"null / undefined → false","duration":0.29939999999999145,"failureMessages":[],"meta":{},"tags":[]},{"ancestorTitles":["has — 非 null 类型守卫"],"fullName":"has — 非 null 类型守卫 字符串（含空串）→ true（仅判非 null，空串由调用方 trim 兜底）","status":"passed","title":"字符串（含空串）→ true（仅判非 null，空串由调用方 trim 兜底）","duration":0.28110000000003765,"failureMessages":[],"meta":{},"tags":[]}],"startTime":1789381133188,"endTime":1789381133202.281,"status":"passed","message":"","name":"F:/static/ilive_neo/test/unit/parse.test.ts"},{"assertionResults":[{"ancestorTitles":["rateLimit — 默认窗口（60s / 10 次）"],"fullName":"rateLimit — 默认窗口（60s / 10 次） 首次请求放行，remaining = max - 1","status":"passed","title":"首次请求放行，remaining = max - 1","duration":6.500599999999849,"failureMessages":[],"meta":{},"tags":[]},{"ancestorTitles":["rateLimit — 默认窗口（60s / 10 次）"],"fullName":"rateLimit — 默认窗口（60s / 10 次） 连续 10 次全部放行，最后一次 remaining 归零","status":"passed","title":"连续 10 次全部放行，最后一次 remaining 归零","duration":2.6649999999999636,"failureMessages":[],"meta":{},"tags":[]},{"ancestorTitles":["rateLimit — 默认窗口（60s / 10 次）"],"fullName":"rateLimit — 默认窗口（60s / 10 次） 第 11 次被拦截：allowed=false / remaining=0 / retryAfter 在 1~60 秒","status":"passed","title":"第 11 次被拦截：allowed=false / remaining=0 / retryAfter 在 1~60 秒","duration":2.859899999999925,"failureMessages":[],"meta":{},"tags":[]},{"ancestorTitles":["rateLimit — 默认窗口（60s / 10 次）"],"fullName":"rateLimit — 默认窗口（60s / 10 次） 同窗口内刚达上限时 retryAfter = 整数秒（不出现 0 或小数）","status":"passed","title":"同窗口内刚达上限时 retryAfter = 整数秒（不出现 0 或小数）","duration":1.7311000000001968,"failureMessages":[],"meta":{},"tags":[]},{"ancestorTitles":["rateLimit — 默认窗口（60s / 10 次）"],"fullName":"rateLimit — 默认窗口（60s / 10 次） 窗口整体过期后恢复放行","status":"passed","title":"窗口整体过期后恢复放行","duration":2.2554999999999836,"failureMessages":[],"meta":{},"tags":[]},{"ancestorTitles":["rateLimit — 默认窗口（60s / 10 次）"],"fullName":"rateLimit — 默认窗口（60s / 10 次） 部分过期：仅窗口外的旧记录被清理（滑动语义）","status":"passed","title":"部分过期：仅窗口外的旧记录被清理（滑动语义）","duration":0.8621000000000549,"failureMessages":[],"meta":{},"tags":[]},{"ancestorTitles":["rateLimit — 键隔离与参数"],"fullName":"rateLimit — 键隔离与参数 不同 key 的计数互不影响","status":"passed","title":"不同 key 的计数互不影响","duration":0.9157999999999902,"failureMessages":[],"meta":{},"tags":[]},{"ancestorTitles":["rateLimit — 键隔离与参数"],"fullName":"rateLimit — 键隔离与参数 自定义 max：max=2 时第 3 次拦截","status":"passed","title":"自定义 max：max=2 时第 3 次拦截","duration":1.2278999999998632,"failureMessages":[],"meta":{},"tags":[]},{"ancestorTitles":["rateLimit — 键隔离与参数"],"fullName":"rateLimit — 键隔离与参数 自定义 windowMs：窗口越小恢复越快","status":"passed","title":"自定义 windowMs：窗口越小恢复越快","duration":1.4428000000000338,"failureMessages":[],"meta":{},"tags":[]},{"ancestorTitles":["rateLimit — 键隔离与参数"],"fullName":"rateLimit — 键隔离与参数 返回结构完整（allowed / remaining / retryAfter 均为预期类型）","status":"passed","title":"返回结构完整（allowed / remaining / retryAfter 均为预期类型）","duration":0.820699999999988,"failureMessages":[],"meta":{},"tags":[]}],"startTime":1789381132311,"endTime":1789381132333.8208,"status":"passed","message":"","name":"F:/static/ilive_neo/test/unit/rateLimit.test.ts"},{"assertionResults":[{"ancestorTitles":["safeHtml — 安全 HTML 净化（纯正则，SSR 安全）"],"fullName":"safeHtml — 安全 HTML 净化（纯正则，SSR 安全） 保留白名单标签","status":"passed","title":"保留白名单标签","duration":3.272100000000023,"failureMessages":[],"meta":{},"tags":[]},{"ancestorTitles":["safeHtml — 安全 HTML 净化（纯正则，SSR 安全）"],"fullName":"safeHtml — 安全 HTML 净化（纯正则，SSR 安全） br 开启与自闭合形式统一输出","status":"passed","title":"br 开启与自闭合形式统一输出","duration":0.4501000000000204,"failureMessages":[],"meta":{},"tags":[]},{"ancestorTitles":["safeHtml — 安全 HTML 净化（纯正则，SSR 安全）"],"fullName":"safeHtml — 安全 HTML 净化（纯正则，SSR 安全） 非白名单标签剥标签保内容","status":"passed","title":"非白名单标签剥标签保内容","duration":0.34609999999997854,"failureMessages":[],"meta":{},"tags":[]},{"ancestorTitles":["safeHtml — 安全 HTML 净化（纯正则，SSR 安全）"],"fullName":"safeHtml — 安全 HTML 净化（纯正则，SSR 安全） 危险块（script 等）连同内容移除","status":"passed","title":"危险块（script 等）连同内容移除","duration":0.4210000000000491,"failureMessages":[],"meta":{},"tags":[]},{"ancestorTitles":["safeHtml — 安全 HTML 净化（纯正则，SSR 安全）"],"fullName":"safeHtml — 安全 HTML 净化（纯正则，SSR 安全） span 保留合法 style","status":"passed","title":"span 保留合法 style","duration":1.2240999999999076,"failureMessages":[],"meta":{},"tags":[]},{"ancestorTitles":["safeHtml — 安全 HTML 净化（纯正则，SSR 安全）"],"fullName":"safeHtml — 安全 HTML 净化（纯正则，SSR 安全） span 事件属性被剥（保留 style）","status":"passed","title":"span 事件属性被剥（保留 style）","duration":1.2128000000000156,"failureMessages":[],"meta":{},"tags":[]},{"ancestorTitles":["safeHtml — 安全 HTML 净化（纯正则，SSR 安全）"],"fullName":"safeHtml — 安全 HTML 净化（纯正则，SSR 安全） 危险 href（javascript:）剥除","status":"passed","title":"危险 href（javascript:）剥除","duration":1.0162000000000262,"failureMessages":[],"meta":{},"tags":[]},{"ancestorTitles":["safeHtml — 安全 HTML 净化（纯正则，SSR 安全）"],"fullName":"safeHtml — 安全 HTML 净化（纯正则，SSR 安全） 自闭合危险标签（img onerror）移除","status":"passed","title":"自闭合危险标签（img onerror）移除","duration":0.8890999999999849,"failureMessages":[],"meta":{},"tags":[]},{"ancestorTitles":["safeHtml — 安全 HTML 净化（纯正则，SSR 安全）"],"fullName":"safeHtml — 安全 HTML 净化（纯正则，SSR 安全） 注释移除","status":"passed","title":"注释移除","duration":1.0410000000000537,"failureMessages":[],"meta":{},"tags":[]},{"ancestorTitles":["safeHtml — 安全 HTML 净化（纯正则，SSR 安全）"],"fullName":"safeHtml — 安全 HTML 净化（纯正则，SSR 安全） 实体保持不变","status":"passed","title":"实体保持不变","duration":0.7802000000000362,"failureMessages":[],"meta":{},"tags":[]},{"ancestorTitles":["safeHtml — 安全 HTML 净化（纯正则，SSR 安全）"],"fullName":"safeHtml — 安全 HTML 净化（纯正则，SSR 安全） 非字符串原样返回","status":"passed","title":"非字符串原样返回","duration":0.9865999999999531,"failureMessages":[],"meta":{},"tags":[]},{"ancestorTitles":["safeHtml — XSS 绕过专项（净化器绕过 / 大小写 / 实体编码 / 属性注入）"],"fullName":"safeHtml — XSS 绕过专项（净化器绕过 / 大小写 / 实体编码 / 属性注入） 危险块大小写混写仍被整块移除（SCRIPT / IfRaMe / STYLE）","status":"passed","title":"危险块大小写混写仍被整块移除（SCRIPT / IfRaMe / STYLE）","duration":0.3667000000000371,"failureMessages":[],"meta":{},"tags":[]},{"ancestorTitles":["safeHtml — XSS 绕过专项（净化器绕过 / 大小写 / 实体编码 / 属性注入）"],"fullName":"safeHtml — XSS 绕过专项（净化器绕过 / 大小写 / 实体编码 / 属性注入） form / object 块连同内部白名单标签一并移除（不留可提交控件）","status":"passed","title":"form / object 块连同内部白名单标签一并移除（不留可提交控件）","duration":0.18420000000003256,"failureMessages":[],"meta":{},"tags":[]},{"ancestorTitles":["safeHtml — XSS 绕过专项（净化器绕过 / 大小写 / 实体编码 / 属性注入）"],"fullName":"safeHtml — XSS 绕过专项（净化器绕过 / 大小写 / 实体编码 / 属性注入） 无闭合的自闭合危险标签（embed）被剥标签","status":"passed","title":"无闭合的自闭合危险标签（embed）被剥标签","duration":0.16639999999995325,"failureMessages":[],"meta":{},"tags":[]},{"ancestorTitles":["safeHtml — XSS 绕过专项（净化器绕过 / 大小写 / 实体编码 / 属性注入）"],"fullName":"safeHtml — XSS 绕过专项（净化器绕过 / 大小写 / 实体编码 / 属性注入） 事件属性（onmouseover / onclick / onerror）一律丢弃，白名单标签保留","status":"passed","title":"事件属性（onmouseover / onclick / onerror）一律丢弃，白名单标签保留","duration":0.18010000000003856,"failureMessages":[],"meta":{},"tags":[]},{"ancestorTitles":["safeHtml — XSS 绕过专项（净化器绕过 / 大小写 / 实体编码 / 属性注入）"],"fullName":"safeHtml — XSS 绕过专项（净化器绕过 / 大小写 / 实体编码 / 属性注入） 非 span 标签的 style 也被丢弃（仅 span 白名单）","status":"passed","title":"非 span 标签的 style 也被丢弃（仅 span 白名单）","duration":0.2540000000000191,"failureMessages":[],"meta":{},"tags":[]},{"ancestorTitles":["safeHtml — XSS 绕过专项（净化器绕过 / 大小写 / 实体编码 / 属性注入）"],"fullName":"safeHtml — XSS 绕过专项（净化器绕过 / 大小写 / 实体编码 / 属性注入） span 单引号 style 归一化为双引号输出","status":"passed","title":"span 单引号 style 归一化为双引号输出","duration":0.30759999999997945,"failureMessages":[],"meta":{},"tags":[]},{"ancestorTitles":["safeHtml — XSS 绕过专项（净化器绕过 / 大小写 / 实体编码 / 属性注入）"],"fullName":"safeHtml — XSS 绕过专项（净化器绕过 / 大小写 / 实体编码 / 属性注入） style 含 javascript:（大小写混写）被剥除","status":"passed","title":"style 含 javascript:（大小写混写）被剥除","duration":0.47879999999997835,"failureMessages":[],"meta":{},"tags":[]},{"ancestorTitles":["safeHtml — XSS 绕过专项（净化器绕过 / 大小写 / 实体编码 / 属性注入）"],"fullName":"safeHtml — XSS 绕过专项（净化器绕过 / 大小写 / 实体编码 / 属性注入） style 中数字实体编码混淆的 javascript: 被解码后识别并剥除","status":"passed","title":"style 中数字实体编码混淆的 javascript: 被解码后识别并剥除","duration":0.7913999999999533,"failureMessages":[],"meta":{},"tags":[]},{"ancestorTitles":["safeHtml — XSS 绕过专项（净化器绕过 / 大小写 / 实体编码 / 属性注入）"],"fullName":"safeHtml — XSS 绕过专项（净化器绕过 / 大小写 / 实体编码 / 属性注入） style 中 expression() 与 behavior: 被剥除（老式 IE 执行向量）","status":"passed","title":"style 中 expression() 与 behavior: 被剥除（老式 IE 执行向量）","duration":0.34359999999992397,"failureMessages":[],"meta":{},"tags":[]},{"ancestorTitles":["safeHtml — XSS 绕过专项（净化器绕过 / 大小写 / 实体编码 / 属性注入）"],"fullName":"safeHtml — XSS 绕过专项（净化器绕过 / 大小写 / 实体编码 / 属性注入） 合法 style（含大写属性名）保留，不误伤","status":"passed","title":"合法 style（含大写属性名）保留，不误伤","duration":0.2615000000000691,"failureMessages":[],"meta":{},"tags":[]},{"ancestorTitles":["safeHtml — XSS 绕过专项（净化器绕过 / 大小写 / 实体编码 / 属性注入）"],"fullName":"safeHtml — XSS 绕过专项（净化器绕过 / 大小写 / 实体编码 / 属性注入） 属性值内的 > 不会被当作标签结束（属性注入不产生新标签）","status":"passed","title":"属性值内的 > 不会被当作标签结束（属性注入不产生新标签）","duration":0.13790000000005875,"failureMessages":[],"meta":{},"tags":[]},{"ancestorTitles":["safeHtml — XSS 绕过专项（净化器绕过 / 大小写 / 实体编码 / 属性注入）"],"fullName":"safeHtml — XSS 绕过专项（净化器绕过 / 大小写 / 实体编码 / 属性注入） 嵌套/畸形 script 写法不残留可执行 script 起始标签","status":"passed","title":"嵌套/畸形 script 写法不残留可执行 script 起始标签","duration":0.49690000000009604,"failureMessages":[],"meta":{},"tags":[]},{"ancestorTitles":["safeHtml — XSS 绕过专项（净化器绕过 / 大小写 / 实体编码 / 属性注入）"],"fullName":"safeHtml — XSS 绕过专项（净化器绕过 / 大小写 / 实体编码 / 属性注入） 白名单标签嵌套正常保留","status":"passed","title":"白名单标签嵌套正常保留","duration":0.17880000000002383,"failureMessages":[],"meta":{},"tags":[]},{"ancestorTitles":["safeHtml — XSS 绕过专项（净化器绕过 / 大小写 / 实体编码 / 属性注入）"],"fullName":"safeHtml — XSS 绕过专项（净化器绕过 / 大小写 / 实体编码 / 属性注入） 净化具备幂等性（二次净化结果一致）","status":"passed","title":"净化具备幂等性（二次净化结果一致）","duration":0.1852999999999838,"failureMessages":[],"meta":{},"tags":[]}],"startTime":1789381133046,"endTime":1789381133063.4968,"status":"passed","message":"","name":"F:/static/ilive_neo/test/unit/safeHtml.test.ts"},{"assertionResults":[{"ancestorTitles":["fetchSiteSeo — DB 优先"],"fullName":"fetchSiteSeo — DB 优先 库中有值时按字段取回，并返回 3 语言文案","status":"passed","title":"库中有值时按字段取回，并返回 3 语言文案","duration":7.5677999999998065,"failureMessages":[],"meta":{},"tags":[]},{"ancestorTitles":["fetchSiteSeo — DB 优先"],"fullName":"fetchSiteSeo — DB 优先 运营改写后的值优先于代码默认值（不覆盖、不回退）","status":"passed","title":"运营改写后的值优先于代码默认值（不覆盖、不回退）","duration":0.8923999999999523,"failureMessages":[],"meta":{},"tags":[]},{"ancestorTitles":["fetchSiteSeo — 代码级回退（关键：DB 挂了 SEO 不能为空）"],"fullName":"fetchSiteSeo — 代码级回退（关键：DB 挂了 SEO 不能为空） 两表为空（未播种 / 清库）→ 全部字段回退默认值，i18n 为空对象","status":"passed","title":"两表为空（未播种 / 清库）→ 全部字段回退默认值，i18n 为空对象","duration":2.11850000000004,"failureMessages":[],"meta":{},"tags":[]},{"ancestorTitles":["fetchSiteSeo — 代码级回退（关键：DB 挂了 SEO 不能为空）"],"fullName":"fetchSiteSeo — 代码级回退（关键：DB 挂了 SEO 不能为空） 单行缺失（site_settings 无数据行）→ 逐字段回退","status":"passed","title":"单行缺失（site_settings 无数据行）→ 逐字段回退","duration":0.6108999999999014,"failureMessages":[],"meta":{},"tags":[]},{"ancestorTitles":["fetchSiteSeo — 代码级回退（关键：DB 挂了 SEO 不能为空）"],"fullName":"fetchSiteSeo — 代码级回退（关键：DB 挂了 SEO 不能为空） 字段为 null / 空串 / 空白串 → 逐字段回退（不返回空值）","status":"passed","title":"字段为 null / 空串 / 空白串 → 逐字段回退（不返回空值）","duration":0.764299999999821,"failureMessages":[],"meta":{},"tags":[]},{"ancestorTitles":["fetchSiteSeo — 代码级回退（关键：DB 挂了 SEO 不能为空）"],"fullName":"fetchSiteSeo — 代码级回退（关键：DB 挂了 SEO 不能为空） 查询整体失败（表不存在 / DB 不可用）→ 返回完整默认对象且不抛错","status":"passed","title":"查询整体失败（表不存在 / DB 不可用）→ 返回完整默认对象且不抛错","duration":3.329800000000205,"failureMessages":[],"meta":{},"tags":[]},{"ancestorTitles":["fetchSiteSeo — 代码级回退（关键：DB 挂了 SEO 不能为空）"],"fullName":"fetchSiteSeo — 代码级回退（关键：DB 挂了 SEO 不能为空） 未知 key 被忽略，非法 JSON 回退为空文案（不抛错）","status":"passed","title":"未知 key 被忽略，非法 JSON 回退为空文案（不抛错）","duration":1.4927000000000135,"failureMessages":[],"meta":{},"tags":[]},{"ancestorTitles":["fetchSiteSeo — 代码级回退（关键：DB 挂了 SEO 不能为空）"],"fullName":"fetchSiteSeo — 代码级回退（关键：DB 挂了 SEO 不能为空） SEO_FALLBACK 与迁移前的硬编码默认值保持一致","status":"passed","title":"SEO_FALLBACK 与迁移前的硬编码默认值保持一致","duration":0.7847999999999047,"failureMessages":[],"meta":{},"tags":[]},{"ancestorTitles":["多语言取值 — 3 语言各自取到 DB 文案"],"fullName":"多语言取值 — 3 语言各自取到 DB 文案 DB 有 3 语言时，各 locale 取到各自文案且互不相同","status":"passed","title":"DB 有 3 语言时，各 locale 取到各自文案且互不相同","duration":2.6802999999999884,"failureMessages":[],"meta":{},"tags":[]},{"ancestorTitles":["多语言取值 — 3 语言各自取到 DB 文案"],"fullName":"多语言取值 — 3 语言各自取到 DB 文案 库中缺某语言时按 pickLocale 回退链兜底（不返回空）","status":"passed","title":"库中缺某语言时按 pickLocale 回退链兜底（不返回空）","duration":0.830600000000004,"failureMessages":[],"meta":{},"tags":[]},{"ancestorTitles":["空 DB 场景 — 页面 SEO 不出现空 title / description"],"fullName":"空 DB 场景 — 页面 SEO 不出现空 title / description 空库时页面回退链仍产出非空文案（message 组合 + 描述模板）","status":"passed","title":"空库时页面回退链仍产出非空文案（message 组合 + 描述模板）","duration":0.8462999999999283,"failureMessages":[],"meta":{},"tags":[]},{"ancestorTitles":["空 DB 场景 — 页面 SEO 不出现空 title / description"],"fullName":"空 DB 场景 — 页面 SEO 不出现空 title / description 3 语言描述模板回退均不为空","status":"passed","title":"3 语言描述模板回退均不为空","duration":0.4857999999999265,"failureMessages":[],"meta":{},"tags":[]},{"ancestorTitles":["站点地址（DB site_url 优先 → env → 代码兜底）与 canonical 语言前缀"],"fullName":"站点地址（DB site_url 优先 → env → 代码兜底）与 canonical 语言前缀 fetchSiteSeo：DB 有 site_url 时返回该值","status":"passed","title":"fetchSiteSeo：DB 有 site_url 时返回该值","duration":0.3042000000000371,"failureMessages":[],"meta":{},"tags":[]},{"ancestorTitles":["站点地址（DB site_url 优先 → env → 代码兜底）与 canonical 语言前缀"],"fullName":"站点地址（DB site_url 优先 → env → 代码兜底）与 canonical 语言前缀 fetchSiteSeo：DB site_url 为空时回退代码兜底域名","status":"passed","title":"fetchSiteSeo：DB site_url 为空时回退代码兜底域名","duration":0.23040000000014516,"failureMessages":[],"meta":{},"tags":[]},{"ancestorTitles":["站点地址（DB site_url 优先 → env → 代码兜底）与 canonical 语言前缀"],"fullName":"站点地址（DB site_url 优先 → env → 代码兜底）与 canonical 语言前缀 fetchSiteSeo：缺行（空库）时回退代码兜底域名","status":"passed","title":"fetchSiteSeo：缺行（空库）时回退代码兜底域名","duration":0.21260000000006585,"failureMessages":[],"meta":{},"tags":[]},{"ancestorTitles":["站点地址（DB site_url 优先 → env → 代码兜底）与 canonical 语言前缀"],"fullName":"站点地址（DB site_url 优先 → env → 代码兜底）与 canonical 语言前缀 SEO_FALLBACK.siteUrl 等于代码兜底域名","status":"passed","title":"SEO_FALLBACK.siteUrl 等于代码兜底域名","duration":0.21839999999997417,"failureMessages":[],"meta":{},"tags":[]},{"ancestorTitles":["站点地址（DB site_url 优先 → env → 代码兜底）与 canonical 语言前缀"],"fullName":"站点地址（DB site_url 优先 → env → 代码兜底）与 canonical 语言前缀 resolveSiteUrl：未配置回退代码兜底，已配置去掉尾部斜杠","status":"passed","title":"resolveSiteUrl：未配置回退代码兜底，已配置去掉尾部斜杠","duration":0.9836999999999989,"failureMessages":[],"meta":{},"tags":[]},{"ancestorTitles":["站点地址（DB site_url 优先 → env → 代码兜底）与 canonical 语言前缀"],"fullName":"站点地址（DB site_url 优先 → env → 代码兜底）与 canonical 语言前缀 toLocaleUrl：默认语言无前缀，其余语言带前缀（canonical 修复核心）","status":"passed","title":"toLocaleUrl：默认语言无前缀，其余语言带前缀（canonical 修复核心）","duration":0.8713000000000193,"failureMessages":[],"meta":{},"tags":[]},{"ancestorTitles":["站点地址（DB site_url 优先 → env → 代码兜底）与 canonical 语言前缀"],"fullName":"站点地址（DB site_url 优先 → env → 代码兜底）与 canonical 语言前缀 toAbsoluteImageUrl：DB 中的相对路径 / 绝对 URL 均可用","status":"passed","title":"toAbsoluteImageUrl：DB 中的相对路径 / 绝对 URL 均可用","duration":0.4856999999999516,"failureMessages":[],"meta":{},"tags":[]}],"startTime":1789381132588,"endTime":1789381132614.8713,"status":"passed","message":"","name":"F:/static/ilive_neo/test/unit/seo-settings.test.ts"},{"assertionResults":[{"ancestorTitles":["resolveSiteUrl — 站点地址解析"],"fullName":"resolveSiteUrl — 站点地址解析 未配置 / 空串 / 纯空白 / 非字符串 → 代码级默认值","status":"passed","title":"未配置 / 空串 / 纯空白 / 非字符串 → 代码级默认值","duration":3.8678999999999633,"failureMessages":[],"meta":{},"tags":[]},{"ancestorTitles":["resolveSiteUrl — 站点地址解析"],"fullName":"resolveSiteUrl — 站点地址解析 配置值两端 trim 后使用","status":"passed","title":"配置值两端 trim 后使用","duration":0.4461999999998625,"failureMessages":[],"meta":{},"tags":[]},{"ancestorTitles":["resolveSiteUrl — 站点地址解析"],"fullName":"resolveSiteUrl — 站点地址解析 去除尾部斜杠（含多个）","status":"passed","title":"去除尾部斜杠（含多个）","duration":0.3292999999998756,"failureMessages":[],"meta":{},"tags":[]},{"ancestorTitles":["toAbsoluteImageUrl — 图片绝对化"],"fullName":"toAbsoluteImageUrl — 图片绝对化 空值 → 空串","status":"passed","title":"空值 → 空串","duration":0.6221999999997934,"failureMessages":[],"meta":{},"tags":[]},{"ancestorTitles":["toAbsoluteImageUrl — 图片绝对化"],"fullName":"toAbsoluteImageUrl — 图片绝对化 已是 http(s) 绝对 URL 时原样返回（含大小写 HTTP）","status":"passed","title":"已是 http(s) 绝对 URL 时原样返回（含大小写 HTTP）","duration":0.9413999999999305,"failureMessages":[],"meta":{},"tags":[]},{"ancestorTitles":["toAbsoluteImageUrl — 图片绝对化"],"fullName":"toAbsoluteImageUrl — 图片绝对化 站点相对路径（带前导斜杠）拼接站点地址","status":"passed","title":"站点相对路径（带前导斜杠）拼接站点地址","duration":0.3886999999999716,"failureMessages":[],"meta":{},"tags":[]},{"ancestorTitles":["toAbsoluteImageUrl — 图片绝对化"],"fullName":"toAbsoluteImageUrl — 图片绝对化 无前导斜杠的相对路径自动补斜杠","status":"passed","title":"无前导斜杠的相对路径自动补斜杠","duration":0.32029999999986103,"failureMessages":[],"meta":{},"tags":[]},{"ancestorTitles":["toAbsoluteImageUrl — 图片绝对化"],"fullName":"toAbsoluteImageUrl — 图片绝对化 siteUrl 带尾斜杠时不会出现双斜杠","status":"passed","title":"siteUrl 带尾斜杠时不会出现双斜杠","duration":0.29929999999990287,"failureMessages":[],"meta":{},"tags":[]},{"ancestorTitles":["toAbsoluteImageUrl — 图片绝对化"],"fullName":"toAbsoluteImageUrl — 图片绝对化 未传 siteUrl 时使用默认站点地址","status":"passed","title":"未传 siteUrl 时使用默认站点地址","duration":0.3059000000000651,"failureMessages":[],"meta":{},"tags":[]},{"ancestorTitles":["toAbsoluteImageUrl — 图片绝对化"],"fullName":"toAbsoluteImageUrl — 图片绝对化 路径两端空白被 trim","status":"passed","title":"路径两端空白被 trim","duration":0.30709999999999127,"failureMessages":[],"meta":{},"tags":[]},{"ancestorTitles":["toOgLocale / toLocaleUrl / hreflangKey"],"fullName":"toOgLocale / toLocaleUrl / hreflangKey BCP-47 → Open Graph 下划线格式","status":"passed","title":"BCP-47 → Open Graph 下划线格式","duration":0.3240000000000691,"failureMessages":[],"meta":{},"tags":[]},{"ancestorTitles":["toOgLocale / toLocaleUrl / hreflangKey"],"fullName":"toOgLocale / toLocaleUrl / hreflangKey 默认语言无 URL 前缀，其余语言加前缀","status":"passed","title":"默认语言无 URL 前缀，其余语言加前缀","duration":0.4048999999999978,"failureMessages":[],"meta":{},"tags":[]},{"ancestorTitles":["toOgLocale / toLocaleUrl / hreflangKey"],"fullName":"toOgLocale / toLocaleUrl / hreflangKey hreflangKey 稳定且带语言后缀","status":"passed","title":"hreflangKey 稳定且带语言后缀","duration":0.31340000000000146,"failureMessages":[],"meta":{},"tags":[]},{"ancestorTitles":["buildHreflangLinks — hreflang link 列表"],"fullName":"buildHreflangLinks — hreflang link 列表 默认输出 3 语言 + x-default，且 key 唯一（供 unhead 去重）","status":"passed","title":"默认输出 3 语言 + x-default，且 key 唯一（供 unhead 去重）","duration":4.245599999999968,"failureMessages":[],"meta":{},"tags":[]},{"ancestorTitles":["buildHreflangLinks — hreflang link 列表"],"fullName":"buildHreflangLinks — hreflang link 列表 href 与各语言 URL 对应，x-default 指向默认语言首页","status":"passed","title":"href 与各语言 URL 对应，x-default 指向默认语言首页","duration":0.8115999999999985,"failureMessages":[],"meta":{},"tags":[]},{"ancestorTitles":["buildHreflangLinks — hreflang link 列表"],"fullName":"buildHreflangLinks — hreflang link 列表 可自定义语言子集","status":"passed","title":"可自定义语言子集","duration":0.680599999999913,"failureMessages":[],"meta":{},"tags":[]},{"ancestorTitles":["buildHreflangLinks — hreflang link 列表"],"fullName":"buildHreflangLinks — hreflang link 列表 未知 locale code 直接作为 hreflang 输出（不抛错）","status":"passed","title":"未知 locale code 直接作为 hreflang 输出（不抛错）","duration":0.5140999999998712,"failureMessages":[],"meta":{},"tags":[]},{"ancestorTitles":["buildSiteDescription — 站点描述模板"],"fullName":"buildSiteDescription — 站点描述模板 有艺人串时插入占位符","status":"passed","title":"有艺人串时插入占位符","duration":0.588799999999992,"failureMessages":[],"meta":{},"tags":[]},{"ancestorTitles":["buildSiteDescription — 站点描述模板"],"fullName":"buildSiteDescription — 站点描述模板 艺人串为空时使用无艺人模板（不含占位符残留）","status":"passed","title":"艺人串为空时使用无艺人模板（不含占位符残留）","duration":0.5101999999999407,"failureMessages":[],"meta":{},"tags":[]},{"ancestorTitles":["buildSiteDescription — 站点描述模板"],"fullName":"buildSiteDescription — 站点描述模板 未知语言回退默认语言模板","status":"passed","title":"未知语言回退默认语言模板","duration":0.6623999999999342,"failureMessages":[],"meta":{},"tags":[]},{"ancestorTitles":["SEO 常量与 server/lib/locales 单一真源一致性"],"fullName":"SEO 常量与 server/lib/locales 单一真源一致性 LOCALE_LANG 与真源完全一致","status":"passed","title":"LOCALE_LANG 与真源完全一致","duration":1.0308999999999742,"failureMessages":[],"meta":{},"tags":[]},{"ancestorTitles":["SEO 常量与 server/lib/locales 单一真源一致性"],"fullName":"SEO 常量与 server/lib/locales 单一真源一致性 ARTIST_DELIMITER 与真源完全一致","status":"passed","title":"ARTIST_DELIMITER 与真源完全一致","duration":1.1204000000000178,"failureMessages":[],"meta":{},"tags":[]},{"ancestorTitles":["SEO 常量与 server/lib/locales 单一真源一致性"],"fullName":"SEO 常量与 server/lib/locales 单一真源一致性 描述模板覆盖全部语言","status":"passed","title":"描述模板覆盖全部语言","duration":0.4737999999999829,"failureMessages":[],"meta":{},"tags":[]}],"startTime":1789381132409,"endTime":1789381132430.4739,"status":"passed","message":"","name":"F:/static/ilive_neo/test/unit/seo-utils.test.ts"},{"assertionResults":[{"ancestorTitles":["useAppI18n — 当前语言"],"fullName":"useAppI18n — 当前语言 currentLanguage 跟随 locale","status":"passed","title":"currentLanguage 跟随 locale","duration":7.073100000000068,"failureMessages":[],"meta":{},"tags":[]},{"ancestorTitles":["useAppI18n — 当前语言"],"fullName":"useAppI18n — 当前语言 locale 未就绪（undefined）→ 回退默认语言 zh-CN（SSR 安全）","status":"passed","title":"locale 未就绪（undefined）→ 回退默认语言 zh-CN（SSR 安全）","duration":0.5790000000000646,"failureMessages":[],"meta":{},"tags":[]},{"ancestorTitles":["useAppI18n — currentData 深层代理"],"fullName":"useAppI18n — currentData 深层代理 取值经 t() 解析为当前语言文案（SSR 下 messages 未加载也可用）","status":"passed","title":"取值经 t() 解析为当前语言文案（SSR 下 messages 未加载也可用）","duration":2.643599999999992,"failureMessages":[],"meta":{},"tags":[]},{"ancestorTitles":["useAppI18n — currentData 深层代理"],"fullName":"useAppI18n — currentData 深层代理 作为值参与字符串运算 / 模板插值时不抛错","status":"passed","title":"作为值参与字符串运算 / 模板插值时不抛错","duration":0.5923999999999978,"failureMessages":[],"meta":{},"tags":[]},{"ancestorTitles":["useAppI18n — currentData 深层代理"],"fullName":"useAppI18n — currentData 深层代理 JSON.stringify 不触发 t()（避免误解析 .toJSON）","status":"passed","title":"JSON.stringify 不触发 t()（避免误解析 .toJSON）","duration":0.5195999999999685,"failureMessages":[],"meta":{},"tags":[]},{"ancestorTitles":["useAppI18n — currentData 深层代理"],"fullName":"useAppI18n — currentData 深层代理 标准对象/字符串方法名不作为 key 解析（防响应式误触发）","status":"passed","title":"标准对象/字符串方法名不作为 key 解析（防响应式误触发）","duration":0.7264000000000124,"failureMessages":[],"meta":{},"tags":[]},{"ancestorTitles":["useAppI18n — stories 数组消息"],"fullName":"useAppI18n — stories 数组消息 currentStoriesText 用 tm() + rt() 解析为纯字符串数组","status":"passed","title":"currentStoriesText 用 tm() + rt() 解析为纯字符串数组","duration":1.498199999999997,"failureMessages":[],"meta":{},"tags":[]},{"ancestorTitles":["useAppI18n — 语言切换"],"fullName":"useAppI18n — 语言切换 switchLanguage 走 URL 前缀导航（默认语言无前缀）","status":"passed","title":"switchLanguage 走 URL 前缀导航（默认语言无前缀）","duration":0.5054000000000087,"failureMessages":[],"meta":{},"tags":[]},{"ancestorTitles":["useAppI18n — 语言切换"],"fullName":"useAppI18n — 语言切换 initLanguage 保留为空实现（兼容旧调用方）","status":"passed","title":"initLanguage 保留为空实现（兼容旧调用方）","duration":1.529800000000023,"failureMessages":[],"meta":{},"tags":[]}],"startTime":1789381132935,"endTime":1789381132952.5298,"status":"passed","message":"","name":"F:/static/ilive_neo/test/unit/useAppI18n.test.ts"},{"assertionResults":[{"ancestorTitles":["useData — 请求与字段映射"],"fullName":"useData — 请求与字段映射 请求 URL 携带当前语言，各字段正确映射","status":"passed","title":"请求 URL 携带当前语言，各字段正确映射","duration":15.543299999999817,"failureMessages":[],"meta":{},"tags":[]},{"ancestorTitles":["useData — 请求与字段映射"],"fullName":"useData — 请求与字段映射 服务端已本地化 → 直通单语言数据（不再二次 localize）","status":"passed","title":"服务端已本地化 → 直通单语言数据（不再二次 localize）","duration":6.764499999999998,"failureMessages":[],"meta":{},"tags":[]},{"ancestorTitles":["useData — 请求与字段映射"],"fullName":"useData — 请求与字段映射 服务端未本地化（locale=null）→ 前端按当前语言 localize","status":"passed","title":"服务端未本地化（locale=null）→ 前端按当前语言 localize","duration":7.606599999999844,"failureMessages":[],"meta":{},"tags":[]},{"ancestorTitles":["useData — 请求与字段映射"],"fullName":"useData — 请求与字段映射 请求失败 → dataError 为 true 且可被调用方感知","status":"passed","title":"请求失败 → dataError 为 true 且可被调用方感知","duration":1.1638000000000375,"failureMessages":[],"meta":{},"tags":[]},{"ancestorTitles":["useData — 点赞乐观更新与失败回滚"],"fullName":"useData — 点赞乐观更新与失败回滚 toggleLike 成功：乐观叠加 → 服务端校准，并 POST /api/like { id }","status":"passed","title":"toggleLike 成功：乐观叠加 → 服务端校准，并 POST /api/like { id }","duration":3.291300000000092,"failureMessages":[],"meta":{},"tags":[]},{"ancestorTitles":["useData — 点赞乐观更新与失败回滚"],"fullName":"useData — 点赞乐观更新与失败回滚 toggleLike 失败：覆盖被回滚为服务端状态，并向上抛出","status":"passed","title":"toggleLike 失败：覆盖被回滚为服务端状态，并向上抛出","duration":6.139300000000048,"failureMessages":[],"meta":{},"tags":[]},{"ancestorTitles":["useData — 点赞乐观更新与失败回滚"],"fullName":"useData — 点赞乐观更新与失败回滚 429 限流：异常被标注 e.code = rate_limited 供上层区分提示","status":"passed","title":"429 限流：异常被标注 e.code = rate_limited 供上层区分提示","duration":3.087400000000116,"failureMessages":[],"meta":{},"tags":[]},{"ancestorTitles":["useData — 点赞乐观更新与失败回滚"],"fullName":"useData — 点赞乐观更新与失败回滚 未知 id：不发请求、不抛错","status":"passed","title":"未知 id：不发请求、不抛错","duration":1.2269000000001142,"failureMessages":[],"meta":{},"tags":[]},{"ancestorTitles":["useData — 点赞乐观更新与失败回滚"],"fullName":"useData — 点赞乐观更新与失败回滚 冷却窗口内连点被忽略（同一 id 只发一次请求）","status":"passed","title":"冷却窗口内连点被忽略（同一 id 只发一次请求）","duration":2.001800000000003,"failureMessages":[],"meta":{},"tags":[]}],"startTime":1789381132053,"endTime":1789381132101.0017,"status":"passed","message":"","name":"F:/static/ilive_neo/test/unit/useData.test.ts"}]}